<?xml version="1.0" encoding="utf-8"?>
<CoverageSession xmlns:xsd="http://www.w3.org/2001/XMLSchema" xmlns:xsi="http://www.w3.org/2001/XMLSchema-instance" Version="4.7.922.0">
  <Summary numSequencePoints="199" visitedSequencePoints="195" numBranchPoints="77" visitedBranchPoints="75" sequenceCoverage="97.99" branchCoverage="97.40" maxCyclomaticComplexity="5" minCyclomaticComplexity="1" maxCrapScore="5" minCrapScore="1" visitedClasses="9" numClasses="11" visitedMethods="47" numMethods="49" />
  <Modules>
    <Module skippedDueTo="Filter" hash="04-7C-61-E0-B9-4E-76-A5-97-61-0C-6D-20-27-23-0F-BC-34-A4-5D">
      <ModulePath>C:\Program Files\dotnet\shared\Microsoft.NETCore.App\3.1.7\System.Private.CoreLib.dll</ModulePath>
      <ModuleTime>2020-07-16T09:57:52Z</ModuleTime>
      <ModuleName>System.Private.CoreLib</ModuleName>
      <Classes />
    </Module>
    <Module skippedDueTo="Filter" hash="4B-70-46-17-F1-BE-7E-BD-3E-06-74-D3-0F-1D-28-55-E6-A4-90-F9">
      <ModulePath>C:\Program Files\dotnet\sdk\3.1.401\dotnet.dll</ModulePath>
      <ModuleTime>2020-07-27T15:11:36Z</ModuleTime>
      <ModuleName>dotnet</ModuleName>
      <Classes />
    </Module>
    <Module skippedDueTo="Filter" hash="11-BD-AB-7F-6E-AA-C3-FD-A9-8D-5E-5A-CE-32-BF-FB-C5-5C-9E-76">
      <ModulePath>C:\Program Files\dotnet\shared\Microsoft.NETCore.App\3.1.7\System.Runtime.dll</ModulePath>
      <ModuleTime>2020-07-21T13:04:38Z</ModuleTime>
      <ModuleName>System.Runtime</ModuleName>
      <Classes />
    </Module>
    <Module skippedDueTo="Filter" hash="AB-A7-84-25-D3-FF-1D-6F-BA-3D-8F-CE-14-2F-79-B2-3F-88-96-16">
      <ModulePath>C:\Program Files\dotnet\sdk\3.1.401\Microsoft.DotNet.Cli.Utils.dll</ModulePath>
      <ModuleTime>2020-07-27T15:11:14Z</ModuleTime>
      <ModuleName>Microsoft.DotNet.Cli.Utils</ModuleName>
      <Classes />
    </Module>
    <Module skippedDueTo="Filter" hash="AE-56-F3-36-9A-72-FE-5A-C7-83-97-02-D9-C0-99-30-4B-21-36-5A">
      <ModulePath>C:\Program Files\dotnet\shared\Microsoft.NETCore.App\3.1.7\System.Runtime.Extensions.dll</ModulePath>
      <ModuleTime>2020-07-21T13:04:38Z</ModuleTime>
      <ModuleName>System.Runtime.Extensions</ModuleName>
      <Classes />
    </Module>
    <Module skippedDueTo="Filter" hash="1D-64-6F-2A-92-B8-F4-4D-23-F1-A9-AA-1C-83-D5-8B-43-ED-24-F8">
      <ModulePath>C:\Program Files\dotnet\shared\Microsoft.NETCore.App\3.1.7\System.Runtime.Loader.dll</ModulePath>
      <ModuleTime>2020-07-21T13:04:40Z</ModuleTime>
      <ModuleName>System.Runtime.Loader</ModuleName>
      <Classes />
    </Module>
    <Module skippedDueTo="Filter" hash="5B-90-FB-E4-9A-19-8F-77-C0-81-0B-1B-98-8A-62-A4-3C-54-8B-9E">
      <ModulePath>C:\Program Files\dotnet\sdk\3.1.401\Microsoft.DotNet.PlatformAbstractions.dll</ModulePath>
      <ModuleTime>2020-07-27T15:11:12Z</ModuleTime>
      <ModuleName>Microsoft.DotNet.PlatformAbstractions</ModuleName>
      <Classes />
    </Module>
    <Module skippedDueTo="Filter" hash="66-93-11-7A-5E-1B-B3-97-F1-C0-64-E7-98-60-FF-F1-CB-7B-87-ED">
      <ModulePath>C:\Program Files\dotnet\shared\Microsoft.NETCore.App\3.1.7\netstandard.dll</ModulePath>
      <ModuleTime>2020-07-21T13:05:04Z</ModuleTime>
      <ModuleName>netstandard</ModuleName>
      <Classes />
    </Module>
    <Module skippedDueTo="Filter" hash="52-96-36-4D-DB-AC-19-E7-E8-E2-73-25-06-D6-DE-DA-E2-75-B4-5A">
      <ModulePath>C:\Program Files\dotnet\shared\Microsoft.NETCore.App\3.1.7\System.Runtime.InteropServices.RuntimeInformation.dll</ModulePath>
      <ModuleTime>2020-07-21T13:04:38Z</ModuleTime>
      <ModuleName>System.Runtime.InteropServices.RuntimeInformation</ModuleName>
      <Classes />
    </Module>
    <Module skippedDueTo="Filter" hash="3A-D5-20-54-79-1A-28-E3-7A-CC-68-04-86-22-8E-4C-50-5E-D7-30">
      <ModulePath>C:\Program Files\dotnet\shared\Microsoft.NETCore.App\3.1.7\System.IO.FileSystem.dll</ModulePath>
      <ModuleTime>2020-07-21T13:05:14Z</ModuleTime>
      <ModuleName>System.IO.FileSystem</ModuleName>
      <Classes />
    </Module>
    <Module skippedDueTo="Filter" hash="16-8F-FB-F0-E1-F5-AF-71-AF-02-92-AA-65-B6-6F-1C-4E-CD-7A-62">
      <ModulePath>C:\Program Files\dotnet\shared\Microsoft.NETCore.App\3.1.7\System.Runtime.InteropServices.dll</ModulePath>
      <ModuleTime>2020-07-21T13:04:40Z</ModuleTime>
      <ModuleName>System.Runtime.InteropServices</ModuleName>
      <Classes />
    </Module>
    <Module skippedDueTo="Filter" hash="5E-1E-0A-9F-71-3D-B9-13-99-F8-E6-E4-AA-89-9F-4F-9E-9A-6A-90">
      <ModulePath>C:\Program Files\dotnet\shared\Microsoft.NETCore.App\3.1.7\System.Memory.dll</ModulePath>
      <ModuleTime>2020-07-21T13:05:18Z</ModuleTime>
      <ModuleName>System.Memory</ModuleName>
      <Classes />
    </Module>
    <Module skippedDueTo="Filter" hash="B9-03-94-EB-B7-34-B5-E8-3D-A0-96-D7-E0-B3-02-E4-04-22-FD-C6">
      <ModulePath>C:\Program Files\dotnet\shared\Microsoft.NETCore.App\3.1.7\System.Threading.dll</ModulePath>
      <ModuleTime>2020-07-21T13:04:46Z</ModuleTime>
      <ModuleName>System.Threading</ModuleName>
      <Classes />
    </Module>
    <Module skippedDueTo="Filter" hash="40-85-26-A2-58-EF-2A-AF-3B-7C-67-C4-21-06-AE-30-24-B3-52-91">
      <ModulePath>C:\Program Files\dotnet\shared\Microsoft.NETCore.App\3.1.7\System.Text.Encoding.CodePages.dll</ModulePath>
      <ModuleTime>2020-07-21T13:04:44Z</ModuleTime>
      <ModuleName>System.Text.Encoding.CodePages</ModuleName>
      <Classes />
    </Module>
    <Module skippedDueTo="Filter" hash="C4-4B-25-66-C0-A0-B4-96-64-A0-2C-91-B1-69-76-09-DE-78-AD-80">
      <ModulePath>C:\Program Files\dotnet\shared\Microsoft.NETCore.App\3.1.7\System.Collections.dll</ModulePath>
      <ModuleTime>2020-07-21T13:05:04Z</ModuleTime>
      <ModuleName>System.Collections</ModuleName>
      <Classes />
    </Module>
    <Module skippedDueTo="Filter" hash="5A-08-83-B5-93-42-56-27-7C-26-6E-F5-D8-0C-E3-11-3C-58-38-BA">
      <ModulePath>C:\Program Files\dotnet\shared\Microsoft.NETCore.App\3.1.7\System.Collections.Concurrent.dll</ModulePath>
      <ModuleTime>2020-07-21T13:05:06Z</ModuleTime>
      <ModuleName>System.Collections.Concurrent</ModuleName>
      <Classes />
    </Module>
    <Module skippedDueTo="Filter" hash="FC-CB-51-CE-BE-65-D1-9C-A7-E7-8A-2F-2A-AE-0B-E6-68-FF-EA-FC">
      <ModulePath>C:\Program Files\dotnet\shared\Microsoft.NETCore.App\3.1.7\System.Threading.Thread.dll</ModulePath>
      <ModuleTime>2020-07-21T13:05:08Z</ModuleTime>
      <ModuleName>System.Threading.Thread</ModuleName>
      <Classes />
    </Module>
    <Module skippedDueTo="Filter" hash="93-36-05-A2-EB-EF-47-4B-21-F3-51-4C-F1-95-4A-A5-79-FE-4D-CE">
      <ModulePath>C:\Program Files\dotnet\sdk\3.1.401\Microsoft.DotNet.Configurer.dll</ModulePath>
      <ModuleTime>2020-07-27T15:11:38Z</ModuleTime>
      <ModuleName>Microsoft.DotNet.Configurer</ModuleName>
      <Classes />
    </Module>
    <Module skippedDueTo="Filter" hash="37-98-4F-89-B1-47-B3-C9-B6-A3-E0-8B-E9-B5-72-6D-48-2B-0C-7A">
      <ModulePath>C:\Program Files\dotnet\sdk\3.1.401\Microsoft.DotNet.Cli.CommandLine.dll</ModulePath>
      <ModuleTime>2020-07-27T15:11:12Z</ModuleTime>
      <ModuleName>Microsoft.DotNet.Cli.CommandLine</ModuleName>
      <Classes />
    </Module>
    <Module skippedDueTo="Filter" hash="AB-CC-65-6A-93-8B-09-56-39-71-06-29-16-25-35-99-E3-21-F5-AA">
      <ModulePath>C:\Program Files\dotnet\shared\Microsoft.NETCore.App\3.1.7\System.Diagnostics.Process.dll</ModulePath>
      <ModuleTime>2020-07-21T13:05:10Z</ModuleTime>
      <ModuleName>System.Diagnostics.Process</ModuleName>
      <Classes />
    </Module>
    <Module skippedDueTo="Filter" hash="8B-20-3A-D8-C7-92-4B-95-4B-9A-FC-88-C8-22-B8-63-88-B6-29-28">
      <ModulePath>C:\Program Files\dotnet\sdk\3.1.401\Microsoft.DotNet.InternalAbstractions.dll</ModulePath>
      <ModuleTime>2020-07-27T15:11:12Z</ModuleTime>
      <ModuleName>Microsoft.DotNet.InternalAbstractions</ModuleName>
      <Classes />
    </Module>
    <Module skippedDueTo="Filter" hash="79-8B-D4-74-5B-78-53-2C-1A-53-1C-1F-33-CE-59-02-28-9A-44-6E">
      <ModulePath>C:\Program Files\dotnet\shared\Microsoft.NETCore.App\3.1.7\System.Linq.dll</ModulePath>
      <ModuleTime>2020-07-21T13:05:18Z</ModuleTime>
      <ModuleName>System.Linq</ModuleName>
      <Classes />
    </Module>
    <Module skippedDueTo="Filter" hash="61-BA-BC-6D-EA-31-36-D4-E9-0D-3C-36-0A-27-63-A4-AB-CD-1D-06">
      <ModulePath>C:\Program Files\dotnet\sdk\3.1.401\NuGet.Frameworks.dll</ModulePath>
      <ModuleTime>2020-07-27T15:11:20Z</ModuleTime>
      <ModuleName>NuGet.Frameworks</ModuleName>
      <Classes />
    </Module>
    <Module skippedDueTo="Filter" hash="69-F6-90-43-D2-94-19-97-9A-51-50-ED-91-CC-5B-D0-5C-19-6F-29">
      <ModulePath>C:\Program Files\dotnet\shared\Microsoft.NETCore.App\3.1.7\System.Console.dll</ModulePath>
      <ModuleTime>2020-07-21T13:05:08Z</ModuleTime>
      <ModuleName>System.Console</ModuleName>
      <Classes />
    </Module>
    <Module skippedDueTo="Filter" hash="94-2A-AB-7E-87-A8-FB-0C-C3-BD-4A-42-D0-13-C8-E0-EE-6C-CF-42">
      <ModulePath>C:\Program Files\dotnet\shared\Microsoft.NETCore.App\3.1.7\System.Text.Encoding.Extensions.dll</ModulePath>
      <ModuleTime>2020-07-21T13:04:44Z</ModuleTime>
      <ModuleName>System.Text.Encoding.Extensions</ModuleName>
      <Classes />
    </Module>
    <Module skippedDueTo="Filter" hash="97-0F-F7-86-7B-B6-29-F8-CB-AB-3D-CC-B0-DA-EA-0E-54-05-54-B3">
      <ModulePath>C:\Program Files\dotnet\shared\Microsoft.NETCore.App\3.1.7\System.Runtime.CompilerServices.Unsafe.dll</ModulePath>
      <ModuleTime>2020-07-21T13:04:38Z</ModuleTime>
      <ModuleName>System.Runtime.CompilerServices.Unsafe</ModuleName>
      <Classes />
    </Module>
    <Module skippedDueTo="Filter" hash="E5-DE-8F-2F-99-51-FC-68-5E-57-5B-2C-5D-D3-5F-BF-9E-CF-6D-C9">
      <ModulePath>C:\Program Files\dotnet\sdk\3.1.401\Microsoft.ApplicationInsights.dll</ModulePath>
      <ModuleTime>2020-07-27T15:11:12Z</ModuleTime>
      <ModuleName>Microsoft.ApplicationInsights</ModuleName>
      <Classes />
    </Module>
    <Module skippedDueTo="Filter" hash="CF-7C-21-AD-FE-C9-33-26-CE-26-0E-73-17-DF-33-1C-60-51-6E-B9">
      <ModulePath>C:\Program Files\dotnet\shared\Microsoft.NETCore.App\3.1.7\System.Security.Cryptography.Algorithms.dll</ModulePath>
      <ModuleTime>2020-07-21T13:04:42Z</ModuleTime>
      <ModuleName>System.Security.Cryptography.Algorithms</ModuleName>
      <Classes />
    </Module>
    <Module skippedDueTo="Filter" hash="D3-E2-4D-3C-D3-3A-EA-9F-B7-C6-3F-C5-30-8A-53-8B-2B-FE-2D-68">
      <ModulePath>C:\Program Files\dotnet\shared\Microsoft.NETCore.App\3.1.7\System.Buffers.dll</ModulePath>
      <ModuleTime>2020-07-21T13:05:06Z</ModuleTime>
      <ModuleName>System.Buffers</ModuleName>
      <Classes />
    </Module>
    <Module skippedDueTo="Filter" hash="1E-5F-CF-00-A0-9C-67-F1-5D-F0-90-4D-0B-75-B0-F5-64-86-BB-81">
      <ModulePath>C:\Program Files\dotnet\shared\Microsoft.NETCore.App\3.1.7\System.Security.Cryptography.Primitives.dll</ModulePath>
      <ModuleTime>2020-07-21T13:04:42Z</ModuleTime>
      <ModuleName>System.Security.Cryptography.Primitives</ModuleName>
      <Classes />
    </Module>
    <Module skippedDueTo="Filter" hash="5C-01-8A-15-86-70-33-AA-96-8E-57-9F-0F-FC-41-90-D2-83-E2-D2">
      <ModulePath>C:\Program Files\dotnet\shared\Microsoft.NETCore.App\3.1.7\System.Private.Uri.dll</ModulePath>
      <ModuleTime>2020-07-21T13:04:34Z</ModuleTime>
      <ModuleName>System.Private.Uri</ModuleName>
      <Classes />
    </Module>
    <Module skippedDueTo="Filter" hash="1A-20-64-C8-A3-4D-C8-5F-38-F9-DA-10-73-A6-F1-DA-D2-7E-14-80">
      <ModulePath>C:\Program Files\dotnet\sdk\3.1.401\Microsoft.TemplateEngine.Cli.dll</ModulePath>
      <ModuleTime>2020-07-27T15:11:14Z</ModuleTime>
      <ModuleName>Microsoft.TemplateEngine.Cli</ModuleName>
      <Classes />
    </Module>
    <Module skippedDueTo="Filter" hash="CB-2C-E1-8C-A7-27-56-23-D4-7D-F4-EF-FE-A7-74-7C-93-3A-F1-51">
      <ModulePath>C:\Program Files\dotnet\shared\Microsoft.NETCore.App\3.1.7\System.Reflection.Extensions.dll</ModulePath>
      <ModuleTime>2020-07-21T13:04:36Z</ModuleTime>
      <ModuleName>System.Reflection.Extensions</ModuleName>
      <Classes />
    </Module>
    <Module skippedDueTo="Filter" hash="01-AB-C3-1B-AB-38-7C-B2-09-A4-6A-F3-EA-1E-F7-F1-83-6F-A4-00">
      <ModulePath>C:\Program Files\dotnet\shared\Microsoft.NETCore.App\3.1.7\System.Reflection.dll</ModulePath>
      <ModuleTime>2020-07-21T13:04:36Z</ModuleTime>
      <ModuleName>System.Reflection</ModuleName>
      <Classes />
    </Module>
    <Module skippedDueTo="Filter" hash="01-E6-24-93-B2-2B-11-98-3E-8C-95-5C-98-4B-B9-B2-82-2A-DE-C4">
      <ModulePath>C:\Program Files\dotnet\shared\Microsoft.NETCore.App\3.1.7\System.Resources.ResourceManager.dll</ModulePath>
      <ModuleTime>2020-07-21T13:04:38Z</ModuleTime>
      <ModuleName>System.Resources.ResourceManager</ModuleName>
      <Classes />
    </Module>
    <Module skippedDueTo="Filter" hash="1E-12-31-13-7E-37-6C-C9-4B-17-BD-D4-72-12-8F-64-7F-60-41-27">
      <ModulePath>C:\Program Files\dotnet\shared\Microsoft.NETCore.App\3.1.7\System.Xml.XDocument.dll</ModulePath>
      <ModuleTime>2020-07-21T13:05:08Z</ModuleTime>
      <ModuleName>System.Xml.XDocument</ModuleName>
      <Classes />
    </Module>
    <Module skippedDueTo="Filter" hash="1A-88-87-42-AF-2C-C3-79-4D-71-6B-C5-34-9A-1C-B6-10-84-BB-CD">
      <ModulePath>C:\Program Files\dotnet\shared\Microsoft.NETCore.App\3.1.7\System.Private.Xml.Linq.dll</ModulePath>
      <ModuleTime>2020-07-21T13:04:34Z</ModuleTime>
      <ModuleName>System.Private.Xml.Linq</ModuleName>
      <Classes />
    </Module>
    <Module skippedDueTo="Filter" hash="81-9C-EF-42-25-08-1B-5F-92-5A-CB-2D-BC-56-47-A1-63-9C-37-E4">
      <ModulePath>C:\Program Files\dotnet\shared\Microsoft.NETCore.App\3.1.7\System.Private.Xml.dll</ModulePath>
      <ModuleTime>2020-07-21T13:04:34Z</ModuleTime>
      <ModuleName>System.Private.Xml</ModuleName>
      <Classes />
    </Module>
    <Module skippedDueTo="Filter" hash="15-3A-FB-2D-89-6B-FE-71-28-42-12-BA-78-5C-68-DE-44-D3-6D-AF">
      <ModulePath>C:\Program Files\dotnet\shared\Microsoft.NETCore.App\3.1.7\System.Text.RegularExpressions.dll</ModulePath>
      <ModuleTime>2020-07-21T13:04:44Z</ModuleTime>
      <ModuleName>System.Text.RegularExpressions</ModuleName>
      <Classes />
    </Module>
    <Module skippedDueTo="Filter" hash="B8-5E-18-FB-22-59-D1-90-4D-07-D4-54-FF-9C-A8-60-5E-CD-46-92">
      <ModulePath>C:\Program Files\dotnet\shared\Microsoft.NETCore.App\3.1.7\System.Xml.ReaderWriter.dll</ModulePath>
      <ModuleTime>2020-07-21T13:05:06Z</ModuleTime>
      <ModuleName>System.Xml.ReaderWriter</ModuleName>
      <Classes />
    </Module>
    <Module skippedDueTo="Filter" hash="C9-AD-75-A3-70-F3-DB-48-C4-38-C9-D7-DA-D8-F0-54-38-3C-DB-46">
      <ModulePath>C:\Program Files\dotnet\shared\Microsoft.NETCore.App\3.1.7\System.Diagnostics.Tracing.dll</ModulePath>
      <ModuleTime>2020-07-21T13:05:12Z</ModuleTime>
      <ModuleName>System.Diagnostics.Tracing</ModuleName>
      <Classes />
    </Module>
    <Module skippedDueTo="Filter" hash="EB-FF-AA-74-89-53-C0-A4-BD-55-5F-F2-07-D6-B7-8D-8F-2B-98-7B">
      <ModulePath>C:\Program Files\dotnet\shared\Microsoft.NETCore.App\3.1.7\System.Threading.Tasks.dll</ModulePath>
      <ModuleTime>2020-07-21T13:04:46Z</ModuleTime>
      <ModuleName>System.Threading.Tasks</ModuleName>
      <Classes />
    </Module>
    <Module skippedDueTo="Filter" hash="83-58-49-99-7E-2D-23-4D-BF-60-9D-CC-60-A2-C2-BE-D2-45-4B-B9">
      <ModulePath>C:\Program Files\dotnet\shared\Microsoft.NETCore.App\3.1.7\System.Globalization.dll</ModulePath>
      <ModuleTime>2020-07-21T13:05:12Z</ModuleTime>
      <ModuleName>System.Globalization</ModuleName>
      <Classes />
    </Module>
    <Module skippedDueTo="Filter" hash="91-45-45-6A-BD-A1-E9-21-D6-3C-4C-57-0A-10-36-51-5E-5C-DF-AB">
      <ModulePath>C:\Program Files\dotnet\shared\Microsoft.NETCore.App\3.1.7\System.Reflection.Emit.ILGeneration.dll</ModulePath>
      <ModuleTime>2020-07-21T13:04:36Z</ModuleTime>
      <ModuleName>System.Reflection.Emit.ILGeneration</ModuleName>
      <Classes />
    </Module>
    <Module skippedDueTo="Filter" hash="DA-C6-70-FA-E4-2D-E2-C5-4A-D2-C1-65-3D-23-FC-05-01-A4-79-A5">
      <ModulePath>C:\Program Files\dotnet\shared\Microsoft.NETCore.App\3.1.7\System.Reflection.Emit.Lightweight.dll</ModulePath>
      <ModuleTime>2020-07-21T13:04:36Z</ModuleTime>
      <ModuleName>System.Reflection.Emit.Lightweight</ModuleName>
      <Classes />
    </Module>
    <Module skippedDueTo="Filter" hash="6C-0C-86-55-53-3B-A7-55-F8-B7-E1-A7-1B-4A-79-0A-87-F7-13-E3">
      <ModulePath>C:\Program Files\dotnet\shared\Microsoft.NETCore.App\3.1.7\System.Reflection.Primitives.dll</ModulePath>
      <ModuleTime>2020-07-21T13:04:38Z</ModuleTime>
      <ModuleName>System.Reflection.Primitives</ModuleName>
      <Classes />
    </Module>
    <Module skippedDueTo="Filter" hash="47-D2-5B-78-BC-92-11-34-C7-4B-3E-72-E2-DC-45-69-42-2C-02-B9">
      <ModulePath>C:\Program Files\dotnet\sdk\3.1.401\Microsoft.TemplateEngine.Utils.dll</ModulePath>
      <ModuleTime>2020-07-27T15:11:16Z</ModuleTime>
      <ModuleName>Microsoft.TemplateEngine.Utils</ModuleName>
      <Classes />
    </Module>
    <Module skippedDueTo="Filter" hash="69-E1-25-3B-2F-6B-86-20-4C-5F-CA-79-48-67-24-11-CE-71-9B-4D">
      <ModulePath>C:\Program Files\dotnet\shared\Microsoft.NETCore.App\3.1.7\Microsoft.Win32.Registry.dll</ModulePath>
      <ModuleTime>2020-07-21T13:05:04Z</ModuleTime>
      <ModuleName>Microsoft.Win32.Registry</ModuleName>
      <Classes />
    </Module>
    <Module skippedDueTo="Filter" hash="39-AF-F5-32-84-D3-E1-E2-21-E6-7C-40-83-53-88-74-06-2D-7C-1B">
      <ModulePath>C:\Program Files\dotnet\shared\Microsoft.NETCore.App\3.1.7\System.Diagnostics.Tools.dll</ModulePath>
      <ModuleTime>2020-07-21T13:05:12Z</ModuleTime>
      <ModuleName>System.Diagnostics.Tools</ModuleName>
      <Classes />
    </Module>
    <Module skippedDueTo="Filter" hash="79-D8-94-63-36-D5-E9-3C-9C-7D-F0-32-31-52-18-B0-06-D6-23-49">
      <ModulePath>C:\Program Files\dotnet\shared\Microsoft.NETCore.App\3.1.7\System.Diagnostics.Debug.dll</ModulePath>
      <ModuleTime>2020-07-21T13:05:10Z</ModuleTime>
      <ModuleName>System.Diagnostics.Debug</ModuleName>
      <Classes />
    </Module>
    <Module skippedDueTo="Filter" hash="80-D7-A8-48-F4-E3-C4-2A-F0-3C-9A-AE-FF-8D-4A-A7-78-CD-14-A2">
      <ModulePath>C:\Program Files\dotnet\shared\Microsoft.NETCore.App\3.1.7\System.IO.dll</ModulePath>
      <ModuleTime>2020-07-21T13:05:14Z</ModuleTime>
      <ModuleName>System.IO</ModuleName>
      <Classes />
    </Module>
    <Module skippedDueTo="Filter" hash="2E-48-2C-10-A1-BC-7E-34-2D-31-C2-C1-59-F4-B7-38-AE-8C-E0-7C">
      <ModulePath>C:\Program Files\dotnet\shared\Microsoft.NETCore.App\3.1.7\System.Text.Encoding.dll</ModulePath>
      <ModuleTime>2020-07-21T13:04:44Z</ModuleTime>
      <ModuleName>System.Text.Encoding</ModuleName>
      <Classes />
    </Module>
    <Module skippedDueTo="Filter" hash="E3-D5-2A-D1-76-31-B3-AF-AD-BC-95-C5-25-27-EB-31-37-8F-32-5C">
      <ModulePath>C:\Program Files\dotnet\shared\Microsoft.NETCore.App\3.1.7\System.IO.Compression.dll</ModulePath>
      <ModuleTime>2020-07-21T13:05:14Z</ModuleTime>
      <ModuleName>System.IO.Compression</ModuleName>
      <Classes />
    </Module>
    <Module skippedDueTo="Filter" hash="AF-9C-21-F3-30-1D-6D-18-A6-7B-2B-C2-EF-07-08-8C-35-38-3D-9C">
      <ModulePath>C:\Program Files\dotnet\shared\Microsoft.NETCore.App\3.1.7\System.Net.Http.dll</ModulePath>
      <ModuleTime>2020-07-21T13:05:16Z</ModuleTime>
      <ModuleName>System.Net.Http</ModuleName>
      <Classes />
    </Module>
    <Module skippedDueTo="Filter" hash="32-C5-72-C0-C8-5F-2F-02-36-32-5E-0D-7B-AA-BD-27-02-92-DB-51">
      <ModulePath>C:\Program Files\dotnet\shared\Microsoft.NETCore.App\3.1.7\System.Net.Primitives.dll</ModulePath>
      <ModuleTime>2020-07-21T13:04:36Z</ModuleTime>
      <ModuleName>System.Net.Primitives</ModuleName>
      <Classes />
    </Module>
    <Module skippedDueTo="Filter" hash="71-9B-F5-9F-54-3A-ED-A0-FD-A2-BF-C9-7D-7A-E3-53-76-0F-0C-D5">
      <ModulePath>C:\Program Files\dotnet\shared\Microsoft.NETCore.App\3.1.7\System.Net.Security.dll</ModulePath>
      <ModuleTime>2020-07-21T13:04:32Z</ModuleTime>
      <ModuleName>System.Net.Security</ModuleName>
      <Classes />
    </Module>
    <Module skippedDueTo="Filter" hash="39-E2-11-AA-C6-A4-6B-B2-CF-27-60-7D-D3-D6-72-47-AD-1E-45-3E">
      <ModulePath>C:\Program Files\dotnet\shared\Microsoft.NETCore.App\3.1.7\System.Security.Cryptography.X509Certificates.dll</ModulePath>
      <ModuleTime>2020-07-21T13:04:44Z</ModuleTime>
      <ModuleName>System.Security.Cryptography.X509Certificates</ModuleName>
      <Classes />
    </Module>
    <Module skippedDueTo="Filter" hash="1B-F8-DC-29-DD-FC-71-CC-FE-56-31-E4-2E-BD-24-70-B3-5D-80-FF">
      <ModulePath>C:\Program Files\dotnet\sdk\3.1.401\Microsoft.Build.Framework.dll</ModulePath>
      <ModuleTime>2020-07-27T15:11:10Z</ModuleTime>
      <ModuleName>Microsoft.Build.Framework</ModuleName>
      <Classes />
    </Module>
    <Module skippedDueTo="Filter" hash="21-5E-0D-B3-58-45-96-9A-3E-BC-CC-9C-BC-D3-E1-62-1B-51-23-4F">
      <ModulePath>C:\Program Files\dotnet\shared\Microsoft.NETCore.App\3.1.7\System.ComponentModel.Primitives.dll</ModulePath>
      <ModuleTime>2020-07-21T13:05:08Z</ModuleTime>
      <ModuleName>System.ComponentModel.Primitives</ModuleName>
      <Classes />
    </Module>
    <Module skippedDueTo="Filter" hash="11-61-2D-C8-91-1C-AB-3A-ED-C8-3B-E8-F3-6A-D0-CC-52-36-7D-27">
      <ModulePath>C:\Program Files\dotnet\shared\Microsoft.NETCore.App\3.1.7\System.Collections.NonGeneric.dll</ModulePath>
      <ModuleTime>2020-07-21T13:05:10Z</ModuleTime>
      <ModuleName>System.Collections.NonGeneric</ModuleName>
      <Classes />
    </Module>
    <Module skippedDueTo="Filter" hash="EC-A1-4B-D9-9E-BD-E1-2D-EC-08-39-24-9B-58-53-F7-5D-4B-DB-55">
      <ModulePath>C:\Program Files\dotnet\shared\Microsoft.NETCore.App\3.1.7\Microsoft.Win32.Primitives.dll</ModulePath>
      <ModuleTime>2020-07-21T13:05:06Z</ModuleTime>
      <ModuleName>Microsoft.Win32.Primitives</ModuleName>
      <Classes />
    </Module>
    <Module skippedDueTo="Filter" hash="04-7C-61-E0-B9-4E-76-A5-97-61-0C-6D-20-27-23-0F-BC-34-A4-5D">
      <ModulePath>C:\Program Files\dotnet\shared\Microsoft.NETCore.App\3.1.7\System.Private.CoreLib.dll</ModulePath>
      <ModuleTime>2020-07-16T09:57:52Z</ModuleTime>
      <ModuleName>System.Private.CoreLib</ModuleName>
      <Classes />
    </Module>
    <Module skippedDueTo="Filter" hash="8C-42-7A-16-6A-29-C1-04-21-66-FA-0D-92-4E-88-07-51-40-25-2B">
      <ModulePath>C:\Program Files\dotnet\sdk\3.1.401\MSBuild.dll</ModulePath>
      <ModuleTime>2020-07-27T15:11:44Z</ModuleTime>
      <ModuleName>MSBuild</ModuleName>
      <Classes />
    </Module>
    <Module skippedDueTo="Filter" hash="11-BD-AB-7F-6E-AA-C3-FD-A9-8D-5E-5A-CE-32-BF-FB-C5-5C-9E-76">
      <ModulePath>C:\Program Files\dotnet\shared\Microsoft.NETCore.App\3.1.7\System.Runtime.dll</ModulePath>
      <ModuleTime>2020-07-21T13:04:38Z</ModuleTime>
      <ModuleName>System.Runtime</ModuleName>
      <Classes />
    </Module>
    <Module skippedDueTo="Filter" hash="AE-56-F3-36-9A-72-FE-5A-C7-83-97-02-D9-C0-99-30-4B-21-36-5A">
      <ModulePath>C:\Program Files\dotnet\shared\Microsoft.NETCore.App\3.1.7\System.Runtime.Extensions.dll</ModulePath>
      <ModuleTime>2020-07-21T13:04:38Z</ModuleTime>
      <ModuleName>System.Runtime.Extensions</ModuleName>
      <Classes />
    </Module>
    <Module skippedDueTo="Filter" hash="B9-03-94-EB-B7-34-B5-E8-3D-A0-96-D7-E0-B3-02-E4-04-22-FD-C6">
      <ModulePath>C:\Program Files\dotnet\shared\Microsoft.NETCore.App\3.1.7\System.Threading.dll</ModulePath>
      <ModuleTime>2020-07-21T13:04:46Z</ModuleTime>
      <ModuleName>System.Threading</ModuleName>
      <Classes />
    </Module>
    <Module skippedDueTo="Filter" hash="EB-FF-AA-74-89-53-C0-A4-BD-55-5F-F2-07-D6-B7-8D-8F-2B-98-7B">
      <ModulePath>C:\Program Files\dotnet\shared\Microsoft.NETCore.App\3.1.7\System.Threading.Tasks.dll</ModulePath>
      <ModuleTime>2020-07-21T13:04:46Z</ModuleTime>
      <ModuleName>System.Threading.Tasks</ModuleName>
      <Classes />
    </Module>
    <Module skippedDueTo="Filter" hash="1B-F8-DC-29-DD-FC-71-CC-FE-56-31-E4-2E-BD-24-70-B3-5D-80-FF">
      <ModulePath>C:\Program Files\dotnet\sdk\3.1.401\Microsoft.Build.Framework.dll</ModulePath>
      <ModuleTime>2020-07-27T15:11:10Z</ModuleTime>
      <ModuleName>Microsoft.Build.Framework</ModuleName>
      <Classes />
    </Module>
    <Module skippedDueTo="Filter" hash="66-93-11-7A-5E-1B-B3-97-F1-C0-64-E7-98-60-FF-F1-CB-7B-87-ED">
      <ModulePath>C:\Program Files\dotnet\shared\Microsoft.NETCore.App\3.1.7\netstandard.dll</ModulePath>
      <ModuleTime>2020-07-21T13:05:04Z</ModuleTime>
      <ModuleName>netstandard</ModuleName>
      <Classes />
    </Module>
    <Module skippedDueTo="Filter" hash="52-96-36-4D-DB-AC-19-E7-E8-E2-73-25-06-D6-DE-DA-E2-75-B4-5A">
      <ModulePath>C:\Program Files\dotnet\shared\Microsoft.NETCore.App\3.1.7\System.Runtime.InteropServices.RuntimeInformation.dll</ModulePath>
      <ModuleTime>2020-07-21T13:04:38Z</ModuleTime>
      <ModuleName>System.Runtime.InteropServices.RuntimeInformation</ModuleName>
      <Classes />
    </Module>
    <Module skippedDueTo="Filter" hash="AB-CC-65-6A-93-8B-09-56-39-71-06-29-16-25-35-99-E3-21-F5-AA">
      <ModulePath>C:\Program Files\dotnet\shared\Microsoft.NETCore.App\3.1.7\System.Diagnostics.Process.dll</ModulePath>
      <ModuleTime>2020-07-21T13:05:10Z</ModuleTime>
      <ModuleName>System.Diagnostics.Process</ModuleName>
      <Classes />
    </Module>
    <Module skippedDueTo="Filter" hash="21-5E-0D-B3-58-45-96-9A-3E-BC-CC-9C-BC-D3-E1-62-1B-51-23-4F">
      <ModulePath>C:\Program Files\dotnet\shared\Microsoft.NETCore.App\3.1.7\System.ComponentModel.Primitives.dll</ModulePath>
      <ModuleTime>2020-07-21T13:05:08Z</ModuleTime>
      <ModuleName>System.ComponentModel.Primitives</ModuleName>
      <Classes />
    </Module>
    <Module skippedDueTo="Filter" hash="79-8B-D4-74-5B-78-53-2C-1A-53-1C-1F-33-CE-59-02-28-9A-44-6E">
      <ModulePath>C:\Program Files\dotnet\shared\Microsoft.NETCore.App\3.1.7\System.Linq.dll</ModulePath>
      <ModuleTime>2020-07-21T13:05:18Z</ModuleTime>
      <ModuleName>System.Linq</ModuleName>
      <Classes />
    </Module>
    <Module skippedDueTo="Filter" hash="15-3A-FB-2D-89-6B-FE-71-28-42-12-BA-78-5C-68-DE-44-D3-6D-AF">
      <ModulePath>C:\Program Files\dotnet\shared\Microsoft.NETCore.App\3.1.7\System.Text.RegularExpressions.dll</ModulePath>
      <ModuleTime>2020-07-21T13:04:44Z</ModuleTime>
      <ModuleName>System.Text.RegularExpressions</ModuleName>
      <Classes />
    </Module>
    <Module skippedDueTo="Filter" hash="C4-4B-25-66-C0-A0-B4-96-64-A0-2C-91-B1-69-76-09-DE-78-AD-80">
      <ModulePath>C:\Program Files\dotnet\shared\Microsoft.NETCore.App\3.1.7\System.Collections.dll</ModulePath>
      <ModuleTime>2020-07-21T13:05:04Z</ModuleTime>
      <ModuleName>System.Collections</ModuleName>
      <Classes />
    </Module>
    <Module skippedDueTo="Filter" hash="5E-1E-0A-9F-71-3D-B9-13-99-F8-E6-E4-AA-89-9F-4F-9E-9A-6A-90">
      <ModulePath>C:\Program Files\dotnet\shared\Microsoft.NETCore.App\3.1.7\System.Memory.dll</ModulePath>
      <ModuleTime>2020-07-21T13:05:18Z</ModuleTime>
      <ModuleName>System.Memory</ModuleName>
      <Classes />
    </Module>
    <Module skippedDueTo="Filter" hash="D3-E2-4D-3C-D3-3A-EA-9F-B7-C6-3F-C5-30-8A-53-8B-2B-FE-2D-68">
      <ModulePath>C:\Program Files\dotnet\shared\Microsoft.NETCore.App\3.1.7\System.Buffers.dll</ModulePath>
      <ModuleTime>2020-07-21T13:05:06Z</ModuleTime>
      <ModuleName>System.Buffers</ModuleName>
      <Classes />
    </Module>
    <Module skippedDueTo="Filter" hash="3A-D5-20-54-79-1A-28-E3-7A-CC-68-04-86-22-8E-4C-50-5E-D7-30">
      <ModulePath>C:\Program Files\dotnet\shared\Microsoft.NETCore.App\3.1.7\System.IO.FileSystem.dll</ModulePath>
      <ModuleTime>2020-07-21T13:05:14Z</ModuleTime>
      <ModuleName>System.IO.FileSystem</ModuleName>
      <Classes />
    </Module>
    <Module skippedDueTo="Filter" hash="16-8F-FB-F0-E1-F5-AF-71-AF-02-92-AA-65-B6-6F-1C-4E-CD-7A-62">
      <ModulePath>C:\Program Files\dotnet\shared\Microsoft.NETCore.App\3.1.7\System.Runtime.InteropServices.dll</ModulePath>
      <ModuleTime>2020-07-21T13:04:40Z</ModuleTime>
      <ModuleName>System.Runtime.InteropServices</ModuleName>
      <Classes />
    </Module>
    <Module skippedDueTo="Filter" hash="69-F6-90-43-D2-94-19-97-9A-51-50-ED-91-CC-5B-D0-5C-19-6F-29">
      <ModulePath>C:\Program Files\dotnet\shared\Microsoft.NETCore.App\3.1.7\System.Console.dll</ModulePath>
      <ModuleTime>2020-07-21T13:05:08Z</ModuleTime>
      <ModuleName>System.Console</ModuleName>
      <Classes />
    </Module>
    <Module skippedDueTo="Filter" hash="F7-08-89-91-33-51-35-DB-63-0C-BA-FE-EA-6F-00-2C-7A-98-5A-2D">
      <ModulePath>C:\Program Files\dotnet\sdk\3.1.401\Microsoft.Build.dll</ModulePath>
      <ModuleTime>2020-07-27T15:12:40Z</ModuleTime>
      <ModuleName>Microsoft.Build</ModuleName>
      <Classes />
    </Module>
    <Module skippedDueTo="Filter" hash="C9-AD-75-A3-70-F3-DB-48-C4-38-C9-D7-DA-D8-F0-54-38-3C-DB-46">
      <ModulePath>C:\Program Files\dotnet\shared\Microsoft.NETCore.App\3.1.7\System.Diagnostics.Tracing.dll</ModulePath>
      <ModuleTime>2020-07-21T13:05:12Z</ModuleTime>
      <ModuleName>System.Diagnostics.Tracing</ModuleName>
      <Classes />
    </Module>
    <Module skippedDueTo="Filter" hash="79-D8-94-63-36-D5-E9-3C-9C-7D-F0-32-31-52-18-B0-06-D6-23-49">
      <ModulePath>C:\Program Files\dotnet\shared\Microsoft.NETCore.App\3.1.7\System.Diagnostics.Debug.dll</ModulePath>
      <ModuleTime>2020-07-21T13:05:10Z</ModuleTime>
      <ModuleName>System.Diagnostics.Debug</ModuleName>
      <Classes />
    </Module>
    <Module skippedDueTo="Filter" hash="40-85-26-A2-58-EF-2A-AF-3B-7C-67-C4-21-06-AE-30-24-B3-52-91">
      <ModulePath>C:\Program Files\dotnet\shared\Microsoft.NETCore.App\3.1.7\System.Text.Encoding.CodePages.dll</ModulePath>
      <ModuleTime>2020-07-21T13:04:44Z</ModuleTime>
      <ModuleName>System.Text.Encoding.CodePages</ModuleName>
      <Classes />
    </Module>
    <Module skippedDueTo="Filter" hash="5A-08-83-B5-93-42-56-27-7C-26-6E-F5-D8-0C-E3-11-3C-58-38-BA">
      <ModulePath>C:\Program Files\dotnet\shared\Microsoft.NETCore.App\3.1.7\System.Collections.Concurrent.dll</ModulePath>
      <ModuleTime>2020-07-21T13:05:06Z</ModuleTime>
      <ModuleName>System.Collections.Concurrent</ModuleName>
      <Classes />
    </Module>
    <Module skippedDueTo="Filter" hash="1D-64-6F-2A-92-B8-F4-4D-23-F1-A9-AA-1C-83-D5-8B-43-ED-24-F8">
      <ModulePath>C:\Program Files\dotnet\shared\Microsoft.NETCore.App\3.1.7\System.Runtime.Loader.dll</ModulePath>
      <ModuleTime>2020-07-21T13:04:40Z</ModuleTime>
      <ModuleName>System.Runtime.Loader</ModuleName>
      <Classes />
    </Module>
    <Module skippedDueTo="Filter" hash="4B-70-46-17-F1-BE-7E-BD-3E-06-74-D3-0F-1D-28-55-E6-A4-90-F9">
      <ModulePath>C:\Program Files\dotnet\sdk\3.1.401\dotnet.dll</ModulePath>
      <ModuleTime>2020-07-27T15:11:36Z</ModuleTime>
      <ModuleName>dotnet</ModuleName>
      <Classes />
    </Module>
    <Module skippedDueTo="Filter" hash="16-A3-02-98-49-CF-23-29-99-5D-0B-36-87-3F-07-50-8B-8A-ED-7C">
      <ModulePath>C:\Program Files\dotnet\shared\Microsoft.NETCore.App\3.1.7\System.Collections.Immutable.dll</ModulePath>
      <ModuleTime>2020-07-21T13:05:06Z</ModuleTime>
      <ModuleName>System.Collections.Immutable</ModuleName>
      <Classes />
    </Module>
    <Module skippedDueTo="Filter" hash="93-36-05-A2-EB-EF-47-4B-21-F3-51-4C-F1-95-4A-A5-79-FE-4D-CE">
      <ModulePath>C:\Program Files\dotnet\sdk\3.1.401\Microsoft.DotNet.Configurer.dll</ModulePath>
      <ModuleTime>2020-07-27T15:11:38Z</ModuleTime>
      <ModuleName>Microsoft.DotNet.Configurer</ModuleName>
      <Classes />
    </Module>
    <Module skippedDueTo="Filter" hash="8B-20-3A-D8-C7-92-4B-95-4B-9A-FC-88-C8-22-B8-63-88-B6-29-28">
      <ModulePath>C:\Program Files\dotnet\sdk\3.1.401\Microsoft.DotNet.InternalAbstractions.dll</ModulePath>
      <ModuleTime>2020-07-27T15:11:12Z</ModuleTime>
      <ModuleName>Microsoft.DotNet.InternalAbstractions</ModuleName>
      <Classes />
    </Module>
    <Module skippedDueTo="Filter" hash="AB-A7-84-25-D3-FF-1D-6F-BA-3D-8F-CE-14-2F-79-B2-3F-88-96-16">
      <ModulePath>C:\Program Files\dotnet\sdk\3.1.401\Microsoft.DotNet.Cli.Utils.dll</ModulePath>
      <ModuleTime>2020-07-27T15:11:14Z</ModuleTime>
      <ModuleName>Microsoft.DotNet.Cli.Utils</ModuleName>
      <Classes />
    </Module>
    <Module skippedDueTo="Filter" hash="94-2A-AB-7E-87-A8-FB-0C-C3-BD-4A-42-D0-13-C8-E0-EE-6C-CF-42">
      <ModulePath>C:\Program Files\dotnet\shared\Microsoft.NETCore.App\3.1.7\System.Text.Encoding.Extensions.dll</ModulePath>
      <ModuleTime>2020-07-21T13:04:44Z</ModuleTime>
      <ModuleName>System.Text.Encoding.Extensions</ModuleName>
      <Classes />
    </Module>
    <Module skippedDueTo="Filter" hash="E5-DE-8F-2F-99-51-FC-68-5E-57-5B-2C-5D-D3-5F-BF-9E-CF-6D-C9">
      <ModulePath>C:\Program Files\dotnet\sdk\3.1.401\Microsoft.ApplicationInsights.dll</ModulePath>
      <ModuleTime>2020-07-27T15:11:12Z</ModuleTime>
      <ModuleName>Microsoft.ApplicationInsights</ModuleName>
      <Classes />
    </Module>
    <Module skippedDueTo="Filter" hash="5B-90-FB-E4-9A-19-8F-77-C0-81-0B-1B-98-8A-62-A4-3C-54-8B-9E">
      <ModulePath>C:\Program Files\dotnet\sdk\3.1.401\Microsoft.DotNet.PlatformAbstractions.dll</ModulePath>
      <ModuleTime>2020-07-27T15:11:12Z</ModuleTime>
      <ModuleName>Microsoft.DotNet.PlatformAbstractions</ModuleName>
      <Classes />
    </Module>
    <Module skippedDueTo="Filter" hash="97-0F-F7-86-7B-B6-29-F8-CB-AB-3D-CC-B0-DA-EA-0E-54-05-54-B3">
      <ModulePath>C:\Program Files\dotnet\shared\Microsoft.NETCore.App\3.1.7\System.Runtime.CompilerServices.Unsafe.dll</ModulePath>
      <ModuleTime>2020-07-21T13:04:38Z</ModuleTime>
      <ModuleName>System.Runtime.CompilerServices.Unsafe</ModuleName>
      <Classes />
    </Module>
    <Module skippedDueTo="Filter" hash="5C-01-8A-15-86-70-33-AA-96-8E-57-9F-0F-FC-41-90-D2-83-E2-D2">
      <ModulePath>C:\Program Files\dotnet\shared\Microsoft.NETCore.App\3.1.7\System.Private.Uri.dll</ModulePath>
      <ModuleTime>2020-07-21T13:04:34Z</ModuleTime>
      <ModuleName>System.Private.Uri</ModuleName>
      <Classes />
    </Module>
    <Module skippedDueTo="Filter" hash="CB-2C-E1-8C-A7-27-56-23-D4-7D-F4-EF-FE-A7-74-7C-93-3A-F1-51">
      <ModulePath>C:\Program Files\dotnet\shared\Microsoft.NETCore.App\3.1.7\System.Reflection.Extensions.dll</ModulePath>
      <ModuleTime>2020-07-21T13:04:36Z</ModuleTime>
      <ModuleName>System.Reflection.Extensions</ModuleName>
      <Classes />
    </Module>
    <Module skippedDueTo="Filter" hash="01-AB-C3-1B-AB-38-7C-B2-09-A4-6A-F3-EA-1E-F7-F1-83-6F-A4-00">
      <ModulePath>C:\Program Files\dotnet\shared\Microsoft.NETCore.App\3.1.7\System.Reflection.dll</ModulePath>
      <ModuleTime>2020-07-21T13:04:36Z</ModuleTime>
      <ModuleName>System.Reflection</ModuleName>
      <Classes />
    </Module>
    <Module skippedDueTo="Filter" hash="1E-12-31-13-7E-37-6C-C9-4B-17-BD-D4-72-12-8F-64-7F-60-41-27">
      <ModulePath>C:\Program Files\dotnet\shared\Microsoft.NETCore.App\3.1.7\System.Xml.XDocument.dll</ModulePath>
      <ModuleTime>2020-07-21T13:05:08Z</ModuleTime>
      <ModuleName>System.Xml.XDocument</ModuleName>
      <Classes />
    </Module>
    <Module skippedDueTo="Filter" hash="1A-88-87-42-AF-2C-C3-79-4D-71-6B-C5-34-9A-1C-B6-10-84-BB-CD">
      <ModulePath>C:\Program Files\dotnet\shared\Microsoft.NETCore.App\3.1.7\System.Private.Xml.Linq.dll</ModulePath>
      <ModuleTime>2020-07-21T13:04:34Z</ModuleTime>
      <ModuleName>System.Private.Xml.Linq</ModuleName>
      <Classes />
    </Module>
    <Module skippedDueTo="Filter" hash="FC-CB-51-CE-BE-65-D1-9C-A7-E7-8A-2F-2A-AE-0B-E6-68-FF-EA-FC">
      <ModulePath>C:\Program Files\dotnet\shared\Microsoft.NETCore.App\3.1.7\System.Threading.Thread.dll</ModulePath>
      <ModuleTime>2020-07-21T13:05:08Z</ModuleTime>
      <ModuleName>System.Threading.Thread</ModuleName>
      <Classes />
    </Module>
    <Module skippedDueTo="Filter" hash="81-9C-EF-42-25-08-1B-5F-92-5A-CB-2D-BC-56-47-A1-63-9C-37-E4">
      <ModulePath>C:\Program Files\dotnet\shared\Microsoft.NETCore.App\3.1.7\System.Private.Xml.dll</ModulePath>
      <ModuleTime>2020-07-21T13:04:34Z</ModuleTime>
      <ModuleName>System.Private.Xml</ModuleName>
      <Classes />
    </Module>
    <Module skippedDueTo="Filter" hash="B8-5E-18-FB-22-59-D1-90-4D-07-D4-54-FF-9C-A8-60-5E-CD-46-92">
      <ModulePath>C:\Program Files\dotnet\shared\Microsoft.NETCore.App\3.1.7\System.Xml.ReaderWriter.dll</ModulePath>
      <ModuleTime>2020-07-21T13:05:06Z</ModuleTime>
      <ModuleName>System.Xml.ReaderWriter</ModuleName>
      <Classes />
    </Module>
    <Module skippedDueTo="Filter" hash="83-58-49-99-7E-2D-23-4D-BF-60-9D-CC-60-A2-C2-BE-D2-45-4B-B9">
      <ModulePath>C:\Program Files\dotnet\shared\Microsoft.NETCore.App\3.1.7\System.Globalization.dll</ModulePath>
      <ModuleTime>2020-07-21T13:05:12Z</ModuleTime>
      <ModuleName>System.Globalization</ModuleName>
      <Classes />
    </Module>
    <Module skippedDueTo="Filter" hash="11-61-2D-C8-91-1C-AB-3A-ED-C8-3B-E8-F3-6A-D0-CC-52-36-7D-27">
      <ModulePath>C:\Program Files\dotnet\shared\Microsoft.NETCore.App\3.1.7\System.Collections.NonGeneric.dll</ModulePath>
      <ModuleTime>2020-07-21T13:05:10Z</ModuleTime>
      <ModuleName>System.Collections.NonGeneric</ModuleName>
      <Classes />
    </Module>
    <Module skippedDueTo="Filter" hash="EC-A1-4B-D9-9E-BD-E1-2D-EC-08-39-24-9B-58-53-F7-5D-4B-DB-55">
      <ModulePath>C:\Program Files\dotnet\shared\Microsoft.NETCore.App\3.1.7\Microsoft.Win32.Primitives.dll</ModulePath>
      <ModuleTime>2020-07-21T13:05:06Z</ModuleTime>
      <ModuleName>Microsoft.Win32.Primitives</ModuleName>
      <Classes />
    </Module>
    <Module skippedDueTo="Filter" hash="01-E6-24-93-B2-2B-11-98-3E-8C-95-5C-98-4B-B9-B2-82-2A-DE-C4">
      <ModulePath>C:\Program Files\dotnet\shared\Microsoft.NETCore.App\3.1.7\System.Resources.ResourceManager.dll</ModulePath>
      <ModuleTime>2020-07-21T13:04:38Z</ModuleTime>
      <ModuleName>System.Resources.ResourceManager</ModuleName>
      <Classes />
    </Module>
    <Module skippedDueTo="Filter" hash="38-8A-45-70-2F-C6-4D-3C-11-62-FD-AB-0E-7B-B3-18-E7-3E-34-6B">
      <ModulePath>C:\Program Files\dotnet\shared\Microsoft.NETCore.App\3.1.7\System.Threading.Tasks.Dataflow.dll</ModulePath>
      <ModuleTime>2020-07-21T13:04:46Z</ModuleTime>
      <ModuleName>System.Threading.Tasks.Dataflow</ModuleName>
      <Classes />
    </Module>
    <Module skippedDueTo="Filter" hash="CF-7C-21-AD-FE-C9-33-26-CE-26-0E-73-17-DF-33-1C-60-51-6E-B9">
      <ModulePath>C:\Program Files\dotnet\shared\Microsoft.NETCore.App\3.1.7\System.Security.Cryptography.Algorithms.dll</ModulePath>
      <ModuleTime>2020-07-21T13:04:42Z</ModuleTime>
      <ModuleName>System.Security.Cryptography.Algorithms</ModuleName>
      <Classes />
    </Module>
    <Module skippedDueTo="Filter" hash="1E-5F-CF-00-A0-9C-67-F1-5D-F0-90-4D-0B-75-B0-F5-64-86-BB-81">
      <ModulePath>C:\Program Files\dotnet\shared\Microsoft.NETCore.App\3.1.7\System.Security.Cryptography.Primitives.dll</ModulePath>
      <ModuleTime>2020-07-21T13:04:42Z</ModuleTime>
      <ModuleName>System.Security.Cryptography.Primitives</ModuleName>
      <Classes />
    </Module>
    <Module skippedDueTo="Filter" hash="69-E1-25-3B-2F-6B-86-20-4C-5F-CA-79-48-67-24-11-CE-71-9B-4D">
      <ModulePath>C:\Program Files\dotnet\shared\Microsoft.NETCore.App\3.1.7\Microsoft.Win32.Registry.dll</ModulePath>
      <ModuleTime>2020-07-21T13:05:04Z</ModuleTime>
      <ModuleName>Microsoft.Win32.Registry</ModuleName>
      <Classes />
    </Module>
    <Module skippedDueTo="Filter" hash="DC-0D-53-24-3A-E9-DE-42-34-95-D1-2C-71-0F-03-E7-BB-6F-69-96">
      <ModulePath>C:\Program Files\dotnet\shared\Microsoft.NETCore.App\3.1.7\System.ObjectModel.dll</ModulePath>
      <ModuleTime>2020-07-21T13:04:34Z</ModuleTime>
      <ModuleName>System.ObjectModel</ModuleName>
      <Classes />
    </Module>
    <Module skippedDueTo="Filter" hash="24-42-8E-5D-F8-14-A0-F9-C3-E4-27-D7-8A-9F-1A-CD-43-FF-7D-5F">
      <ModulePath>C:\Program Files\dotnet\shared\Microsoft.NETCore.App\3.1.7\System.Text.Json.dll</ModulePath>
      <ModuleTime>2020-07-21T13:04:46Z</ModuleTime>
      <ModuleName>System.Text.Json</ModuleName>
      <Classes />
    </Module>
    <Module skippedDueTo="Filter" hash="91-45-45-6A-BD-A1-E9-21-D6-3C-4C-57-0A-10-36-51-5E-5C-DF-AB">
      <ModulePath>C:\Program Files\dotnet\shared\Microsoft.NETCore.App\3.1.7\System.Reflection.Emit.ILGeneration.dll</ModulePath>
      <ModuleTime>2020-07-21T13:04:36Z</ModuleTime>
      <ModuleName>System.Reflection.Emit.ILGeneration</ModuleName>
      <Classes />
    </Module>
    <Module skippedDueTo="Filter" hash="DA-C6-70-FA-E4-2D-E2-C5-4A-D2-C1-65-3D-23-FC-05-01-A4-79-A5">
      <ModulePath>C:\Program Files\dotnet\shared\Microsoft.NETCore.App\3.1.7\System.Reflection.Emit.Lightweight.dll</ModulePath>
      <ModuleTime>2020-07-21T13:04:36Z</ModuleTime>
      <ModuleName>System.Reflection.Emit.Lightweight</ModuleName>
      <Classes />
    </Module>
    <Module skippedDueTo="Filter" hash="6C-0C-86-55-53-3B-A7-55-F8-B7-E1-A7-1B-4A-79-0A-87-F7-13-E3">
      <ModulePath>C:\Program Files\dotnet\shared\Microsoft.NETCore.App\3.1.7\System.Reflection.Primitives.dll</ModulePath>
      <ModuleTime>2020-07-21T13:04:38Z</ModuleTime>
      <ModuleName>System.Reflection.Primitives</ModuleName>
      <Classes />
    </Module>
    <Module skippedDueTo="Filter" hash="8D-1B-84-3A-8B-13-6E-9B-DB-98-FD-10-63-B3-1B-D4-09-F4-38-48">
      <ModulePath>C:\Program Files\dotnet\shared\Microsoft.NETCore.App\3.1.7\System.Diagnostics.TraceSource.dll</ModulePath>
      <ModuleTime>2020-07-21T13:05:12Z</ModuleTime>
      <ModuleName>System.Diagnostics.TraceSource</ModuleName>
      <Classes />
    </Module>
    <Module skippedDueTo="Filter" hash="07-06-0A-77-CD-62-85-2F-C5-D5-53-82-0E-2B-A9-40-39-40-1C-E9">
      <ModulePath>C:\Program Files\dotnet\shared\Microsoft.NETCore.App\3.1.7\System.Threading.Tasks.Parallel.dll</ModulePath>
      <ModuleTime>2020-07-21T13:04:46Z</ModuleTime>
      <ModuleName>System.Threading.Tasks.Parallel</ModuleName>
      <Classes />
    </Module>
    <Module skippedDueTo="Filter" hash="B1-82-E9-48-F8-F4-66-74-79-6C-48-17-F7-85-7C-15-4D-5D-07-B0">
      <ModulePath>C:\Program Files\dotnet\sdk\3.1.401\Microsoft.Build.Tasks.Core.dll</ModulePath>
      <ModuleTime>2020-07-27T15:11:12Z</ModuleTime>
      <ModuleName>Microsoft.Build.Tasks.Core</ModuleName>
      <Classes />
    </Module>
    <Module skippedDueTo="Filter" hash="6B-75-55-E6-CC-B4-4D-CA-13-A1-31-11-82-F8-26-E3-BE-54-74-67">
      <ModulePath>C:\Program Files\dotnet\sdk\3.1.401\Microsoft.Build.Utilities.Core.dll</ModulePath>
      <ModuleTime>2020-07-27T15:12:02Z</ModuleTime>
      <ModuleName>Microsoft.Build.Utilities.Core</ModuleName>
      <Classes />
    </Module>
    <Module skippedDueTo="Filter" hash="8F-60-E0-DE-7A-64-9E-36-A0-FC-25-75-2F-13-F2-9A-6A-0E-62-DE">
      <ModulePath>C:\Program Files\dotnet\sdk\3.1.401\NuGet.Build.Tasks.dll</ModulePath>
      <ModuleTime>2020-07-27T15:11:20Z</ModuleTime>
      <ModuleName>NuGet.Build.Tasks</ModuleName>
      <Classes />
    </Module>
    <Module skippedDueTo="Filter" hash="C2-1A-47-4B-49-E5-23-D4-3F-8C-F2-E8-22-77-A3-71-13-DB-3E-DC">
      <ModulePath>C:\Program Files\dotnet\sdk\3.1.401\NuGet.Common.dll</ModulePath>
      <ModuleTime>2020-07-27T15:11:20Z</ModuleTime>
      <ModuleName>NuGet.Common</ModuleName>
      <Classes />
    </Module>
    <Module skippedDueTo="Filter" hash="9B-A9-E7-52-E8-99-48-3E-4D-31-65-27-C8-D9-C9-C6-B5-86-07-E8">
      <ModulePath>C:\Program Files\dotnet\sdk\3.1.401\NuGet.Commands.dll</ModulePath>
      <ModuleTime>2020-07-27T15:11:24Z</ModuleTime>
      <ModuleName>NuGet.Commands</ModuleName>
      <Classes />
    </Module>
    <Module skippedDueTo="Filter" hash="8E-65-B3-31-07-80-30-D8-A0-E0-81-B3-4E-27-AD-26-BF-C3-81-6B">
      <ModulePath>C:\Program Files\dotnet\sdk\3.1.401\NuGet.ProjectModel.dll</ModulePath>
      <ModuleTime>2020-07-27T15:11:22Z</ModuleTime>
      <ModuleName>NuGet.ProjectModel</ModuleName>
      <Classes />
    </Module>
    <Module skippedDueTo="Filter" hash="B8-58-00-24-58-F5-EE-D0-60-BB-71-36-01-99-60-13-2B-DF-E5-3A">
      <ModulePath>C:\Program Files\dotnet\shared\Microsoft.NETCore.App\3.1.7\System.Threading.ThreadPool.dll</ModulePath>
      <ModuleTime>2020-07-21T13:05:06Z</ModuleTime>
      <ModuleName>System.Threading.ThreadPool</ModuleName>
      <Classes />
    </Module>
    <Module skippedDueTo="Filter" hash="4A-06-7D-3E-14-ED-E0-14-6A-71-1A-A9-08-4D-7C-1D-48-83-B5-BB">
      <ModulePath>C:\Program Files\dotnet\shared\Microsoft.NETCore.App\3.1.7\System.IO.Pipes.dll</ModulePath>
      <ModuleTime>2020-07-21T13:05:16Z</ModuleTime>
      <ModuleName>System.IO.Pipes</ModuleName>
      <Classes />
    </Module>
    <Module skippedDueTo="Filter" hash="D3-5D-C3-D5-78-2E-48-07-D2-D9-2C-7C-4A-EF-66-9F-79-2F-0C-7E">
      <ModulePath>C:\Program Files\dotnet\shared\Microsoft.NETCore.App\3.1.7\System.Security.Principal.dll</ModulePath>
      <ModuleTime>2020-07-21T13:04:44Z</ModuleTime>
      <ModuleName>System.Security.Principal</ModuleName>
      <Classes />
    </Module>
    <Module skippedDueTo="Filter" hash="6C-01-B7-0F-D5-35-C9-17-D7-37-9F-69-88-85-2F-65-6A-E2-1B-CF">
      <ModulePath>C:\Program Files\dotnet\sdk\3.1.401\Microsoft.Build.NuGetSdkResolver.dll</ModulePath>
      <ModuleTime>2020-07-27T15:11:10Z</ModuleTime>
      <ModuleName>Microsoft.Build.NuGetSdkResolver</ModuleName>
      <Classes />
    </Module>
    <Module skippedDueTo="Filter" hash="27-05-AC-68-0E-96-F8-9F-E7-A0-E7-12-84-EE-03-4D-EE-00-DC-4E">
      <ModulePath>C:\Program Files\dotnet\shared\Microsoft.NETCore.App\3.1.7\System.Diagnostics.FileVersionInfo.dll</ModulePath>
      <ModuleTime>2020-07-21T13:05:10Z</ModuleTime>
      <ModuleName>System.Diagnostics.FileVersionInfo</ModuleName>
      <Classes />
    </Module>
    <Module skippedDueTo="Filter" hash="FA-26-AC-8A-E1-B1-47-0B-98-33-B2-6A-5F-4D-6D-C6-8A-2C-4C-A5">
      <ModulePath>C:\Program Files\dotnet\shared\Microsoft.NETCore.App\3.1.7\System.ComponentModel.dll</ModulePath>
      <ModuleTime>2020-07-21T13:05:08Z</ModuleTime>
      <ModuleName>System.ComponentModel</ModuleName>
      <Classes />
    </Module>
    <Module skippedDueTo="Filter" hash="04-7C-61-E0-B9-4E-76-A5-97-61-0C-6D-20-27-23-0F-BC-34-A4-5D">
      <ModulePath>C:\Program Files\dotnet\shared\Microsoft.NETCore.App\3.1.7\System.Private.CoreLib.dll</ModulePath>
      <ModuleTime>2020-07-16T09:57:52Z</ModuleTime>
      <ModuleName>System.Private.CoreLib</ModuleName>
      <Classes />
    </Module>
    <Module skippedDueTo="Filter" hash="8C-42-7A-16-6A-29-C1-04-21-66-FA-0D-92-4E-88-07-51-40-25-2B">
      <ModulePath>C:\Program Files\dotnet\sdk\3.1.401\MSBuild.dll</ModulePath>
      <ModuleTime>2020-07-27T15:11:44Z</ModuleTime>
      <ModuleName>MSBuild</ModuleName>
      <Classes />
    </Module>
    <Module skippedDueTo="Filter" hash="11-BD-AB-7F-6E-AA-C3-FD-A9-8D-5E-5A-CE-32-BF-FB-C5-5C-9E-76">
      <ModulePath>C:\Program Files\dotnet\shared\Microsoft.NETCore.App\3.1.7\System.Runtime.dll</ModulePath>
      <ModuleTime>2020-07-21T13:04:38Z</ModuleTime>
      <ModuleName>System.Runtime</ModuleName>
      <Classes />
    </Module>
    <Module skippedDueTo="Filter" hash="AE-56-F3-36-9A-72-FE-5A-C7-83-97-02-D9-C0-99-30-4B-21-36-5A">
      <ModulePath>C:\Program Files\dotnet\shared\Microsoft.NETCore.App\3.1.7\System.Runtime.Extensions.dll</ModulePath>
      <ModuleTime>2020-07-21T13:04:38Z</ModuleTime>
      <ModuleName>System.Runtime.Extensions</ModuleName>
      <Classes />
    </Module>
    <Module skippedDueTo="Filter" hash="B9-03-94-EB-B7-34-B5-E8-3D-A0-96-D7-E0-B3-02-E4-04-22-FD-C6">
      <ModulePath>C:\Program Files\dotnet\shared\Microsoft.NETCore.App\3.1.7\System.Threading.dll</ModulePath>
      <ModuleTime>2020-07-21T13:04:46Z</ModuleTime>
      <ModuleName>System.Threading</ModuleName>
      <Classes />
    </Module>
    <Module skippedDueTo="Filter" hash="EB-FF-AA-74-89-53-C0-A4-BD-55-5F-F2-07-D6-B7-8D-8F-2B-98-7B">
      <ModulePath>C:\Program Files\dotnet\shared\Microsoft.NETCore.App\3.1.7\System.Threading.Tasks.dll</ModulePath>
      <ModuleTime>2020-07-21T13:04:46Z</ModuleTime>
      <ModuleName>System.Threading.Tasks</ModuleName>
      <Classes />
    </Module>
    <Module skippedDueTo="Filter" hash="1B-F8-DC-29-DD-FC-71-CC-FE-56-31-E4-2E-BD-24-70-B3-5D-80-FF">
      <ModulePath>C:\Program Files\dotnet\sdk\3.1.401\Microsoft.Build.Framework.dll</ModulePath>
      <ModuleTime>2020-07-27T15:11:10Z</ModuleTime>
      <ModuleName>Microsoft.Build.Framework</ModuleName>
      <Classes />
    </Module>
    <Module skippedDueTo="Filter" hash="66-93-11-7A-5E-1B-B3-97-F1-C0-64-E7-98-60-FF-F1-CB-7B-87-ED">
      <ModulePath>C:\Program Files\dotnet\shared\Microsoft.NETCore.App\3.1.7\netstandard.dll</ModulePath>
      <ModuleTime>2020-07-21T13:05:04Z</ModuleTime>
      <ModuleName>netstandard</ModuleName>
      <Classes />
    </Module>
    <Module skippedDueTo="Filter" hash="52-96-36-4D-DB-AC-19-E7-E8-E2-73-25-06-D6-DE-DA-E2-75-B4-5A">
      <ModulePath>C:\Program Files\dotnet\shared\Microsoft.NETCore.App\3.1.7\System.Runtime.InteropServices.RuntimeInformation.dll</ModulePath>
      <ModuleTime>2020-07-21T13:04:38Z</ModuleTime>
      <ModuleName>System.Runtime.InteropServices.RuntimeInformation</ModuleName>
      <Classes />
    </Module>
    <Module skippedDueTo="Filter" hash="AB-CC-65-6A-93-8B-09-56-39-71-06-29-16-25-35-99-E3-21-F5-AA">
      <ModulePath>C:\Program Files\dotnet\shared\Microsoft.NETCore.App\3.1.7\System.Diagnostics.Process.dll</ModulePath>
      <ModuleTime>2020-07-21T13:05:10Z</ModuleTime>
      <ModuleName>System.Diagnostics.Process</ModuleName>
      <Classes />
    </Module>
    <Module skippedDueTo="Filter" hash="21-5E-0D-B3-58-45-96-9A-3E-BC-CC-9C-BC-D3-E1-62-1B-51-23-4F">
      <ModulePath>C:\Program Files\dotnet\shared\Microsoft.NETCore.App\3.1.7\System.ComponentModel.Primitives.dll</ModulePath>
      <ModuleTime>2020-07-21T13:05:08Z</ModuleTime>
      <ModuleName>System.ComponentModel.Primitives</ModuleName>
      <Classes />
    </Module>
    <Module skippedDueTo="Filter" hash="79-8B-D4-74-5B-78-53-2C-1A-53-1C-1F-33-CE-59-02-28-9A-44-6E">
      <ModulePath>C:\Program Files\dotnet\shared\Microsoft.NETCore.App\3.1.7\System.Linq.dll</ModulePath>
      <ModuleTime>2020-07-21T13:05:18Z</ModuleTime>
      <ModuleName>System.Linq</ModuleName>
      <Classes />
    </Module>
    <Module skippedDueTo="Filter" hash="15-3A-FB-2D-89-6B-FE-71-28-42-12-BA-78-5C-68-DE-44-D3-6D-AF">
      <ModulePath>C:\Program Files\dotnet\shared\Microsoft.NETCore.App\3.1.7\System.Text.RegularExpressions.dll</ModulePath>
      <ModuleTime>2020-07-21T13:04:44Z</ModuleTime>
      <ModuleName>System.Text.RegularExpressions</ModuleName>
      <Classes />
    </Module>
    <Module skippedDueTo="Filter" hash="C4-4B-25-66-C0-A0-B4-96-64-A0-2C-91-B1-69-76-09-DE-78-AD-80">
      <ModulePath>C:\Program Files\dotnet\shared\Microsoft.NETCore.App\3.1.7\System.Collections.dll</ModulePath>
      <ModuleTime>2020-07-21T13:05:04Z</ModuleTime>
      <ModuleName>System.Collections</ModuleName>
      <Classes />
    </Module>
    <Module skippedDueTo="Filter" hash="5E-1E-0A-9F-71-3D-B9-13-99-F8-E6-E4-AA-89-9F-4F-9E-9A-6A-90">
      <ModulePath>C:\Program Files\dotnet\shared\Microsoft.NETCore.App\3.1.7\System.Memory.dll</ModulePath>
      <ModuleTime>2020-07-21T13:05:18Z</ModuleTime>
      <ModuleName>System.Memory</ModuleName>
      <Classes />
    </Module>
    <Module skippedDueTo="Filter" hash="D3-E2-4D-3C-D3-3A-EA-9F-B7-C6-3F-C5-30-8A-53-8B-2B-FE-2D-68">
      <ModulePath>C:\Program Files\dotnet\shared\Microsoft.NETCore.App\3.1.7\System.Buffers.dll</ModulePath>
      <ModuleTime>2020-07-21T13:05:06Z</ModuleTime>
      <ModuleName>System.Buffers</ModuleName>
      <Classes />
    </Module>
    <Module skippedDueTo="Filter" hash="3A-D5-20-54-79-1A-28-E3-7A-CC-68-04-86-22-8E-4C-50-5E-D7-30">
      <ModulePath>C:\Program Files\dotnet\shared\Microsoft.NETCore.App\3.1.7\System.IO.FileSystem.dll</ModulePath>
      <ModuleTime>2020-07-21T13:05:14Z</ModuleTime>
      <ModuleName>System.IO.FileSystem</ModuleName>
      <Classes />
    </Module>
    <Module skippedDueTo="Filter" hash="16-8F-FB-F0-E1-F5-AF-71-AF-02-92-AA-65-B6-6F-1C-4E-CD-7A-62">
      <ModulePath>C:\Program Files\dotnet\shared\Microsoft.NETCore.App\3.1.7\System.Runtime.InteropServices.dll</ModulePath>
      <ModuleTime>2020-07-21T13:04:40Z</ModuleTime>
      <ModuleName>System.Runtime.InteropServices</ModuleName>
      <Classes />
    </Module>
    <Module skippedDueTo="Filter" hash="69-F6-90-43-D2-94-19-97-9A-51-50-ED-91-CC-5B-D0-5C-19-6F-29">
      <ModulePath>C:\Program Files\dotnet\shared\Microsoft.NETCore.App\3.1.7\System.Console.dll</ModulePath>
      <ModuleTime>2020-07-21T13:05:08Z</ModuleTime>
      <ModuleName>System.Console</ModuleName>
      <Classes />
    </Module>
    <Module skippedDueTo="Filter" hash="F7-08-89-91-33-51-35-DB-63-0C-BA-FE-EA-6F-00-2C-7A-98-5A-2D">
      <ModulePath>C:\Program Files\dotnet\sdk\3.1.401\Microsoft.Build.dll</ModulePath>
      <ModuleTime>2020-07-27T15:12:40Z</ModuleTime>
      <ModuleName>Microsoft.Build</ModuleName>
      <Classes />
    </Module>
    <Module skippedDueTo="Filter" hash="C9-AD-75-A3-70-F3-DB-48-C4-38-C9-D7-DA-D8-F0-54-38-3C-DB-46">
      <ModulePath>C:\Program Files\dotnet\shared\Microsoft.NETCore.App\3.1.7\System.Diagnostics.Tracing.dll</ModulePath>
      <ModuleTime>2020-07-21T13:05:12Z</ModuleTime>
      <ModuleName>System.Diagnostics.Tracing</ModuleName>
      <Classes />
    </Module>
    <Module skippedDueTo="Filter" hash="79-D8-94-63-36-D5-E9-3C-9C-7D-F0-32-31-52-18-B0-06-D6-23-49">
      <ModulePath>C:\Program Files\dotnet\shared\Microsoft.NETCore.App\3.1.7\System.Diagnostics.Debug.dll</ModulePath>
      <ModuleTime>2020-07-21T13:05:10Z</ModuleTime>
      <ModuleName>System.Diagnostics.Debug</ModuleName>
      <Classes />
    </Module>
    <Module skippedDueTo="Filter" hash="40-85-26-A2-58-EF-2A-AF-3B-7C-67-C4-21-06-AE-30-24-B3-52-91">
      <ModulePath>C:\Program Files\dotnet\shared\Microsoft.NETCore.App\3.1.7\System.Text.Encoding.CodePages.dll</ModulePath>
      <ModuleTime>2020-07-21T13:04:44Z</ModuleTime>
      <ModuleName>System.Text.Encoding.CodePages</ModuleName>
      <Classes />
    </Module>
    <Module skippedDueTo="Filter" hash="5A-08-83-B5-93-42-56-27-7C-26-6E-F5-D8-0C-E3-11-3C-58-38-BA">
      <ModulePath>C:\Program Files\dotnet\shared\Microsoft.NETCore.App\3.1.7\System.Collections.Concurrent.dll</ModulePath>
      <ModuleTime>2020-07-21T13:05:06Z</ModuleTime>
      <ModuleName>System.Collections.Concurrent</ModuleName>
      <Classes />
    </Module>
    <Module skippedDueTo="Filter" hash="4A-06-7D-3E-14-ED-E0-14-6A-71-1A-A9-08-4D-7C-1D-48-83-B5-BB">
      <ModulePath>C:\Program Files\dotnet\shared\Microsoft.NETCore.App\3.1.7\System.IO.Pipes.dll</ModulePath>
      <ModuleTime>2020-07-21T13:05:16Z</ModuleTime>
      <ModuleName>System.IO.Pipes</ModuleName>
      <Classes />
    </Module>
    <Module skippedDueTo="Filter" hash="94-2A-AB-7E-87-A8-FB-0C-C3-BD-4A-42-D0-13-C8-E0-EE-6C-CF-42">
      <ModulePath>C:\Program Files\dotnet\shared\Microsoft.NETCore.App\3.1.7\System.Text.Encoding.Extensions.dll</ModulePath>
      <ModuleTime>2020-07-21T13:04:44Z</ModuleTime>
      <ModuleName>System.Text.Encoding.Extensions</ModuleName>
      <Classes />
    </Module>
    <Module skippedDueTo="Filter" hash="2C-D2-66-85-76-84-8B-4E-60-88-5D-61-6F-4F-89-5D-63-98-AE-1B">
      <ModulePath>C:\Program Files\dotnet\shared\Microsoft.NETCore.App\3.1.7\System.Security.AccessControl.dll</ModulePath>
      <ModuleTime>2020-07-21T13:04:42Z</ModuleTime>
      <ModuleName>System.Security.AccessControl</ModuleName>
      <Classes />
    </Module>
    <Module skippedDueTo="Filter" hash="CE-59-7E-C0-AF-6E-A4-1B-BB-DB-AB-4E-6E-D2-97-55-9B-77-6F-4E">
      <ModulePath>C:\Program Files\dotnet\shared\Microsoft.NETCore.App\3.1.7\System.Security.Principal.Windows.dll</ModulePath>
      <ModuleTime>2020-07-21T13:04:44Z</ModuleTime>
      <ModuleName>System.Security.Principal.Windows</ModuleName>
      <Classes />
    </Module>
    <Module skippedDueTo="Filter" hash="54-03-41-3F-EE-89-3A-52-24-63-73-26-21-FD-D5-A7-13-6E-C7-7B">
      <ModulePath>C:\Program Files\dotnet\shared\Microsoft.NETCore.App\3.1.7\System.Security.Claims.dll</ModulePath>
      <ModuleTime>2020-07-21T13:04:42Z</ModuleTime>
      <ModuleName>System.Security.Claims</ModuleName>
      <Classes />
    </Module>
    <Module skippedDueTo="Filter" hash="D3-5D-C3-D5-78-2E-48-07-D2-D9-2C-7C-4A-EF-66-9F-79-2F-0C-7E">
      <ModulePath>C:\Program Files\dotnet\shared\Microsoft.NETCore.App\3.1.7\System.Security.Principal.dll</ModulePath>
      <ModuleTime>2020-07-21T13:04:44Z</ModuleTime>
      <ModuleName>System.Security.Principal</ModuleName>
      <Classes />
    </Module>
    <Module skippedDueTo="Filter" hash="A5-A8-41-C6-B8-12-BA-B5-83-A6-EC-5A-31-3A-AD-D3-9B-61-70-06">
      <ModulePath>C:\Program Files\dotnet\shared\Microsoft.NETCore.App\3.1.7\System.Threading.Overlapped.dll</ModulePath>
      <ModuleTime>2020-07-21T13:04:46Z</ModuleTime>
      <ModuleName>System.Threading.Overlapped</ModuleName>
      <Classes />
    </Module>
    <Module skippedDueTo="Filter" hash="A5-A8-41-C6-B8-12-BA-B5-83-A6-EC-5A-31-3A-AD-D3-9B-61-70-06">
      <ModulePath>C:\Program Files\dotnet\shared\Microsoft.NETCore.App\3.1.7\System.Threading.Overlapped.dll</ModulePath>
      <ModuleTime>2020-07-21T13:04:46Z</ModuleTime>
      <ModuleName>System.Threading.Overlapped</ModuleName>
      <Classes />
    </Module>
    <Module skippedDueTo="Filter" hash="FC-CB-51-CE-BE-65-D1-9C-A7-E7-8A-2F-2A-AE-0B-E6-68-FF-EA-FC">
      <ModulePath>C:\Program Files\dotnet\shared\Microsoft.NETCore.App\3.1.7\System.Threading.Thread.dll</ModulePath>
      <ModuleTime>2020-07-21T13:05:08Z</ModuleTime>
      <ModuleName>System.Threading.Thread</ModuleName>
      <Classes />
    </Module>
    <Module skippedDueTo="Filter" hash="2C-D2-66-85-76-84-8B-4E-60-88-5D-61-6F-4F-89-5D-63-98-AE-1B">
      <ModulePath>C:\Program Files\dotnet\shared\Microsoft.NETCore.App\3.1.7\System.Security.AccessControl.dll</ModulePath>
      <ModuleTime>2020-07-21T13:04:42Z</ModuleTime>
      <ModuleName>System.Security.AccessControl</ModuleName>
      <Classes />
    </Module>
    <Module skippedDueTo="Filter" hash="CE-59-7E-C0-AF-6E-A4-1B-BB-DB-AB-4E-6E-D2-97-55-9B-77-6F-4E">
      <ModulePath>C:\Program Files\dotnet\shared\Microsoft.NETCore.App\3.1.7\System.Security.Principal.Windows.dll</ModulePath>
      <ModuleTime>2020-07-21T13:04:44Z</ModuleTime>
      <ModuleName>System.Security.Principal.Windows</ModuleName>
      <Classes />
    </Module>
    <Module skippedDueTo="Filter" hash="54-03-41-3F-EE-89-3A-52-24-63-73-26-21-FD-D5-A7-13-6E-C7-7B">
      <ModulePath>C:\Program Files\dotnet\shared\Microsoft.NETCore.App\3.1.7\System.Security.Claims.dll</ModulePath>
      <ModuleTime>2020-07-21T13:04:42Z</ModuleTime>
      <ModuleName>System.Security.Claims</ModuleName>
      <Classes />
    </Module>
    <Module skippedDueTo="Filter" hash="01-E6-24-93-B2-2B-11-98-3E-8C-95-5C-98-4B-B9-B2-82-2A-DE-C4">
      <ModulePath>C:\Program Files\dotnet\shared\Microsoft.NETCore.App\3.1.7\System.Resources.ResourceManager.dll</ModulePath>
      <ModuleTime>2020-07-21T13:04:38Z</ModuleTime>
      <ModuleName>System.Resources.ResourceManager</ModuleName>
      <Classes />
    </Module>
    <Module skippedDueTo="Filter" hash="DC-0D-53-24-3A-E9-DE-42-34-95-D1-2C-71-0F-03-E7-BB-6F-69-96">
      <ModulePath>C:\Program Files\dotnet\shared\Microsoft.NETCore.App\3.1.7\System.ObjectModel.dll</ModulePath>
      <ModuleTime>2020-07-21T13:04:34Z</ModuleTime>
      <ModuleName>System.ObjectModel</ModuleName>
      <Classes />
    </Module>
    <Module skippedDueTo="Filter" hash="38-8A-45-70-2F-C6-4D-3C-11-62-FD-AB-0E-7B-B3-18-E7-3E-34-6B">
      <ModulePath>C:\Program Files\dotnet\shared\Microsoft.NETCore.App\3.1.7\System.Threading.Tasks.Dataflow.dll</ModulePath>
      <ModuleTime>2020-07-21T13:04:46Z</ModuleTime>
      <ModuleName>System.Threading.Tasks.Dataflow</ModuleName>
      <Classes />
    </Module>
    <Module skippedDueTo="Filter" hash="04-7C-61-E0-B9-4E-76-A5-97-61-0C-6D-20-27-23-0F-BC-34-A4-5D">
      <ModulePath>C:\Program Files\dotnet\shared\Microsoft.NETCore.App\3.1.7\System.Private.CoreLib.dll</ModulePath>
      <ModuleTime>2020-07-16T09:57:52Z</ModuleTime>
      <ModuleName>System.Private.CoreLib</ModuleName>
      <Classes />
    </Module>
    <Module skippedDueTo="Filter" hash="1D-64-6F-2A-92-B8-F4-4D-23-F1-A9-AA-1C-83-D5-8B-43-ED-24-F8">
      <ModulePath>C:\Program Files\dotnet\shared\Microsoft.NETCore.App\3.1.7\System.Runtime.Loader.dll</ModulePath>
      <ModuleTime>2020-07-21T13:04:40Z</ModuleTime>
      <ModuleName>System.Runtime.Loader</ModuleName>
      <Classes />
    </Module>
    <Module skippedDueTo="Filter" hash="4B-70-46-17-F1-BE-7E-BD-3E-06-74-D3-0F-1D-28-55-E6-A4-90-F9">
      <ModulePath>C:\Program Files\dotnet\sdk\3.1.401\dotnet.dll</ModulePath>
      <ModuleTime>2020-07-27T15:11:36Z</ModuleTime>
      <ModuleName>dotnet</ModuleName>
      <Classes />
    </Module>
    <Module skippedDueTo="Filter" hash="8C-42-7A-16-6A-29-C1-04-21-66-FA-0D-92-4E-88-07-51-40-25-2B">
      <ModulePath>C:\Program Files\dotnet\sdk\3.1.401\MSBuild.dll</ModulePath>
      <ModuleTime>2020-07-27T15:11:44Z</ModuleTime>
      <ModuleName>MSBuild</ModuleName>
      <Classes />
    </Module>
    <Module skippedDueTo="Filter" hash="11-BD-AB-7F-6E-AA-C3-FD-A9-8D-5E-5A-CE-32-BF-FB-C5-5C-9E-76">
      <ModulePath>C:\Program Files\dotnet\shared\Microsoft.NETCore.App\3.1.7\System.Runtime.dll</ModulePath>
      <ModuleTime>2020-07-21T13:04:38Z</ModuleTime>
      <ModuleName>System.Runtime</ModuleName>
      <Classes />
    </Module>
    <Module skippedDueTo="Filter" hash="16-A3-02-98-49-CF-23-29-99-5D-0B-36-87-3F-07-50-8B-8A-ED-7C">
      <ModulePath>C:\Program Files\dotnet\shared\Microsoft.NETCore.App\3.1.7\System.Collections.Immutable.dll</ModulePath>
      <ModuleTime>2020-07-21T13:05:06Z</ModuleTime>
      <ModuleName>System.Collections.Immutable</ModuleName>
      <Classes />
    </Module>
    <Module skippedDueTo="Filter" hash="AE-56-F3-36-9A-72-FE-5A-C7-83-97-02-D9-C0-99-30-4B-21-36-5A">
      <ModulePath>C:\Program Files\dotnet\shared\Microsoft.NETCore.App\3.1.7\System.Runtime.Extensions.dll</ModulePath>
      <ModuleTime>2020-07-21T13:04:38Z</ModuleTime>
      <ModuleName>System.Runtime.Extensions</ModuleName>
      <Classes />
    </Module>
    <Module skippedDueTo="Filter" hash="93-36-05-A2-EB-EF-47-4B-21-F3-51-4C-F1-95-4A-A5-79-FE-4D-CE">
      <ModulePath>C:\Program Files\dotnet\sdk\3.1.401\Microsoft.DotNet.Configurer.dll</ModulePath>
      <ModuleTime>2020-07-27T15:11:38Z</ModuleTime>
      <ModuleName>Microsoft.DotNet.Configurer</ModuleName>
      <Classes />
    </Module>
    <Module skippedDueTo="Filter" hash="B9-03-94-EB-B7-34-B5-E8-3D-A0-96-D7-E0-B3-02-E4-04-22-FD-C6">
      <ModulePath>C:\Program Files\dotnet\shared\Microsoft.NETCore.App\3.1.7\System.Threading.dll</ModulePath>
      <ModuleTime>2020-07-21T13:04:46Z</ModuleTime>
      <ModuleName>System.Threading</ModuleName>
      <Classes />
    </Module>
    <Module skippedDueTo="Filter" hash="EB-FF-AA-74-89-53-C0-A4-BD-55-5F-F2-07-D6-B7-8D-8F-2B-98-7B">
      <ModulePath>C:\Program Files\dotnet\shared\Microsoft.NETCore.App\3.1.7\System.Threading.Tasks.dll</ModulePath>
      <ModuleTime>2020-07-21T13:04:46Z</ModuleTime>
      <ModuleName>System.Threading.Tasks</ModuleName>
      <Classes />
    </Module>
    <Module skippedDueTo="Filter" hash="1B-F8-DC-29-DD-FC-71-CC-FE-56-31-E4-2E-BD-24-70-B3-5D-80-FF">
      <ModulePath>C:\Program Files\dotnet\sdk\3.1.401\Microsoft.Build.Framework.dll</ModulePath>
      <ModuleTime>2020-07-27T15:11:10Z</ModuleTime>
      <ModuleName>Microsoft.Build.Framework</ModuleName>
      <Classes />
    </Module>
    <Module skippedDueTo="Filter" hash="66-93-11-7A-5E-1B-B3-97-F1-C0-64-E7-98-60-FF-F1-CB-7B-87-ED">
      <ModulePath>C:\Program Files\dotnet\shared\Microsoft.NETCore.App\3.1.7\netstandard.dll</ModulePath>
      <ModuleTime>2020-07-21T13:05:04Z</ModuleTime>
      <ModuleName>netstandard</ModuleName>
      <Classes />
    </Module>
    <Module skippedDueTo="Filter" hash="52-96-36-4D-DB-AC-19-E7-E8-E2-73-25-06-D6-DE-DA-E2-75-B4-5A">
      <ModulePath>C:\Program Files\dotnet\shared\Microsoft.NETCore.App\3.1.7\System.Runtime.InteropServices.RuntimeInformation.dll</ModulePath>
      <ModuleTime>2020-07-21T13:04:38Z</ModuleTime>
      <ModuleName>System.Runtime.InteropServices.RuntimeInformation</ModuleName>
      <Classes />
    </Module>
    <Module skippedDueTo="Filter" hash="AB-CC-65-6A-93-8B-09-56-39-71-06-29-16-25-35-99-E3-21-F5-AA">
      <ModulePath>C:\Program Files\dotnet\shared\Microsoft.NETCore.App\3.1.7\System.Diagnostics.Process.dll</ModulePath>
      <ModuleTime>2020-07-21T13:05:10Z</ModuleTime>
      <ModuleName>System.Diagnostics.Process</ModuleName>
      <Classes />
    </Module>
    <Module skippedDueTo="Filter" hash="21-5E-0D-B3-58-45-96-9A-3E-BC-CC-9C-BC-D3-E1-62-1B-51-23-4F">
      <ModulePath>C:\Program Files\dotnet\shared\Microsoft.NETCore.App\3.1.7\System.ComponentModel.Primitives.dll</ModulePath>
      <ModuleTime>2020-07-21T13:05:08Z</ModuleTime>
      <ModuleName>System.ComponentModel.Primitives</ModuleName>
      <Classes />
    </Module>
    <Module skippedDueTo="Filter" hash="79-8B-D4-74-5B-78-53-2C-1A-53-1C-1F-33-CE-59-02-28-9A-44-6E">
      <ModulePath>C:\Program Files\dotnet\shared\Microsoft.NETCore.App\3.1.7\System.Linq.dll</ModulePath>
      <ModuleTime>2020-07-21T13:05:18Z</ModuleTime>
      <ModuleName>System.Linq</ModuleName>
      <Classes />
    </Module>
    <Module skippedDueTo="Filter" hash="15-3A-FB-2D-89-6B-FE-71-28-42-12-BA-78-5C-68-DE-44-D3-6D-AF">
      <ModulePath>C:\Program Files\dotnet\shared\Microsoft.NETCore.App\3.1.7\System.Text.RegularExpressions.dll</ModulePath>
      <ModuleTime>2020-07-21T13:04:44Z</ModuleTime>
      <ModuleName>System.Text.RegularExpressions</ModuleName>
      <Classes />
    </Module>
    <Module skippedDueTo="Filter" hash="C4-4B-25-66-C0-A0-B4-96-64-A0-2C-91-B1-69-76-09-DE-78-AD-80">
      <ModulePath>C:\Program Files\dotnet\shared\Microsoft.NETCore.App\3.1.7\System.Collections.dll</ModulePath>
      <ModuleTime>2020-07-21T13:05:04Z</ModuleTime>
      <ModuleName>System.Collections</ModuleName>
      <Classes />
    </Module>
    <Module skippedDueTo="Filter" hash="5E-1E-0A-9F-71-3D-B9-13-99-F8-E6-E4-AA-89-9F-4F-9E-9A-6A-90">
      <ModulePath>C:\Program Files\dotnet\shared\Microsoft.NETCore.App\3.1.7\System.Memory.dll</ModulePath>
      <ModuleTime>2020-07-21T13:05:18Z</ModuleTime>
      <ModuleName>System.Memory</ModuleName>
      <Classes />
    </Module>
    <Module skippedDueTo="Filter" hash="D3-E2-4D-3C-D3-3A-EA-9F-B7-C6-3F-C5-30-8A-53-8B-2B-FE-2D-68">
      <ModulePath>C:\Program Files\dotnet\shared\Microsoft.NETCore.App\3.1.7\System.Buffers.dll</ModulePath>
      <ModuleTime>2020-07-21T13:05:06Z</ModuleTime>
      <ModuleName>System.Buffers</ModuleName>
      <Classes />
    </Module>
    <Module skippedDueTo="Filter" hash="3A-D5-20-54-79-1A-28-E3-7A-CC-68-04-86-22-8E-4C-50-5E-D7-30">
      <ModulePath>C:\Program Files\dotnet\shared\Microsoft.NETCore.App\3.1.7\System.IO.FileSystem.dll</ModulePath>
      <ModuleTime>2020-07-21T13:05:14Z</ModuleTime>
      <ModuleName>System.IO.FileSystem</ModuleName>
      <Classes />
    </Module>
    <Module skippedDueTo="Filter" hash="16-8F-FB-F0-E1-F5-AF-71-AF-02-92-AA-65-B6-6F-1C-4E-CD-7A-62">
      <ModulePath>C:\Program Files\dotnet\shared\Microsoft.NETCore.App\3.1.7\System.Runtime.InteropServices.dll</ModulePath>
      <ModuleTime>2020-07-21T13:04:40Z</ModuleTime>
      <ModuleName>System.Runtime.InteropServices</ModuleName>
      <Classes />
    </Module>
    <Module skippedDueTo="Filter" hash="69-F6-90-43-D2-94-19-97-9A-51-50-ED-91-CC-5B-D0-5C-19-6F-29">
      <ModulePath>C:\Program Files\dotnet\shared\Microsoft.NETCore.App\3.1.7\System.Console.dll</ModulePath>
      <ModuleTime>2020-07-21T13:05:08Z</ModuleTime>
      <ModuleName>System.Console</ModuleName>
      <Classes />
    </Module>
    <Module skippedDueTo="Filter" hash="F7-08-89-91-33-51-35-DB-63-0C-BA-FE-EA-6F-00-2C-7A-98-5A-2D">
      <ModulePath>C:\Program Files\dotnet\sdk\3.1.401\Microsoft.Build.dll</ModulePath>
      <ModuleTime>2020-07-27T15:12:40Z</ModuleTime>
      <ModuleName>Microsoft.Build</ModuleName>
      <Classes />
    </Module>
    <Module skippedDueTo="Filter" hash="C9-AD-75-A3-70-F3-DB-48-C4-38-C9-D7-DA-D8-F0-54-38-3C-DB-46">
      <ModulePath>C:\Program Files\dotnet\shared\Microsoft.NETCore.App\3.1.7\System.Diagnostics.Tracing.dll</ModulePath>
      <ModuleTime>2020-07-21T13:05:12Z</ModuleTime>
      <ModuleName>System.Diagnostics.Tracing</ModuleName>
      <Classes />
    </Module>
    <Module skippedDueTo="Filter" hash="79-D8-94-63-36-D5-E9-3C-9C-7D-F0-32-31-52-18-B0-06-D6-23-49">
      <ModulePath>C:\Program Files\dotnet\shared\Microsoft.NETCore.App\3.1.7\System.Diagnostics.Debug.dll</ModulePath>
      <ModuleTime>2020-07-21T13:05:10Z</ModuleTime>
      <ModuleName>System.Diagnostics.Debug</ModuleName>
      <Classes />
    </Module>
    <Module skippedDueTo="Filter" hash="40-85-26-A2-58-EF-2A-AF-3B-7C-67-C4-21-06-AE-30-24-B3-52-91">
      <ModulePath>C:\Program Files\dotnet\shared\Microsoft.NETCore.App\3.1.7\System.Text.Encoding.CodePages.dll</ModulePath>
      <ModuleTime>2020-07-21T13:04:44Z</ModuleTime>
      <ModuleName>System.Text.Encoding.CodePages</ModuleName>
      <Classes />
    </Module>
    <Module skippedDueTo="Filter" hash="5A-08-83-B5-93-42-56-27-7C-26-6E-F5-D8-0C-E3-11-3C-58-38-BA">
      <ModulePath>C:\Program Files\dotnet\shared\Microsoft.NETCore.App\3.1.7\System.Collections.Concurrent.dll</ModulePath>
      <ModuleTime>2020-07-21T13:05:06Z</ModuleTime>
      <ModuleName>System.Collections.Concurrent</ModuleName>
      <Classes />
    </Module>
    <Module skippedDueTo="Filter" hash="4A-06-7D-3E-14-ED-E0-14-6A-71-1A-A9-08-4D-7C-1D-48-83-B5-BB">
      <ModulePath>C:\Program Files\dotnet\shared\Microsoft.NETCore.App\3.1.7\System.IO.Pipes.dll</ModulePath>
      <ModuleTime>2020-07-21T13:05:16Z</ModuleTime>
      <ModuleName>System.IO.Pipes</ModuleName>
      <Classes />
    </Module>
    <Module skippedDueTo="Filter" hash="94-2A-AB-7E-87-A8-FB-0C-C3-BD-4A-42-D0-13-C8-E0-EE-6C-CF-42">
      <ModulePath>C:\Program Files\dotnet\shared\Microsoft.NETCore.App\3.1.7\System.Text.Encoding.Extensions.dll</ModulePath>
      <ModuleTime>2020-07-21T13:04:44Z</ModuleTime>
      <ModuleName>System.Text.Encoding.Extensions</ModuleName>
      <Classes />
    </Module>
    <Module skippedDueTo="Filter" hash="2C-D2-66-85-76-84-8B-4E-60-88-5D-61-6F-4F-89-5D-63-98-AE-1B">
      <ModulePath>C:\Program Files\dotnet\shared\Microsoft.NETCore.App\3.1.7\System.Security.AccessControl.dll</ModulePath>
      <ModuleTime>2020-07-21T13:04:42Z</ModuleTime>
      <ModuleName>System.Security.AccessControl</ModuleName>
      <Classes />
    </Module>
    <Module skippedDueTo="Filter" hash="CE-59-7E-C0-AF-6E-A4-1B-BB-DB-AB-4E-6E-D2-97-55-9B-77-6F-4E">
      <ModulePath>C:\Program Files\dotnet\shared\Microsoft.NETCore.App\3.1.7\System.Security.Principal.Windows.dll</ModulePath>
      <ModuleTime>2020-07-21T13:04:44Z</ModuleTime>
      <ModuleName>System.Security.Principal.Windows</ModuleName>
      <Classes />
    </Module>
    <Module skippedDueTo="Filter" hash="54-03-41-3F-EE-89-3A-52-24-63-73-26-21-FD-D5-A7-13-6E-C7-7B">
      <ModulePath>C:\Program Files\dotnet\shared\Microsoft.NETCore.App\3.1.7\System.Security.Claims.dll</ModulePath>
      <ModuleTime>2020-07-21T13:04:42Z</ModuleTime>
      <ModuleName>System.Security.Claims</ModuleName>
      <Classes />
    </Module>
    <Module skippedDueTo="Filter" hash="D3-5D-C3-D5-78-2E-48-07-D2-D9-2C-7C-4A-EF-66-9F-79-2F-0C-7E">
      <ModulePath>C:\Program Files\dotnet\shared\Microsoft.NETCore.App\3.1.7\System.Security.Principal.dll</ModulePath>
      <ModuleTime>2020-07-21T13:04:44Z</ModuleTime>
      <ModuleName>System.Security.Principal</ModuleName>
      <Classes />
    </Module>
    <Module skippedDueTo="Filter" hash="A5-A8-41-C6-B8-12-BA-B5-83-A6-EC-5A-31-3A-AD-D3-9B-61-70-06">
      <ModulePath>C:\Program Files\dotnet\shared\Microsoft.NETCore.App\3.1.7\System.Threading.Overlapped.dll</ModulePath>
      <ModuleTime>2020-07-21T13:04:46Z</ModuleTime>
      <ModuleName>System.Threading.Overlapped</ModuleName>
      <Classes />
    </Module>
    <Module skippedDueTo="Filter" hash="FC-CB-51-CE-BE-65-D1-9C-A7-E7-8A-2F-2A-AE-0B-E6-68-FF-EA-FC">
      <ModulePath>C:\Program Files\dotnet\shared\Microsoft.NETCore.App\3.1.7\System.Threading.Thread.dll</ModulePath>
      <ModuleTime>2020-07-21T13:05:08Z</ModuleTime>
      <ModuleName>System.Threading.Thread</ModuleName>
      <Classes />
    </Module>
    <Module skippedDueTo="Filter" hash="01-E6-24-93-B2-2B-11-98-3E-8C-95-5C-98-4B-B9-B2-82-2A-DE-C4">
      <ModulePath>C:\Program Files\dotnet\shared\Microsoft.NETCore.App\3.1.7\System.Resources.ResourceManager.dll</ModulePath>
      <ModuleTime>2020-07-21T13:04:38Z</ModuleTime>
      <ModuleName>System.Resources.ResourceManager</ModuleName>
      <Classes />
    </Module>
    <Module skippedDueTo="Filter" hash="DC-0D-53-24-3A-E9-DE-42-34-95-D1-2C-71-0F-03-E7-BB-6F-69-96">
      <ModulePath>C:\Program Files\dotnet\shared\Microsoft.NETCore.App\3.1.7\System.ObjectModel.dll</ModulePath>
      <ModuleTime>2020-07-21T13:04:34Z</ModuleTime>
      <ModuleName>System.ObjectModel</ModuleName>
      <Classes />
    </Module>
    <Module skippedDueTo="Filter" hash="04-7C-61-E0-B9-4E-76-A5-97-61-0C-6D-20-27-23-0F-BC-34-A4-5D">
      <ModulePath>C:\Program Files\dotnet\shared\Microsoft.NETCore.App\3.1.7\System.Private.CoreLib.dll</ModulePath>
      <ModuleTime>2020-07-16T09:57:52Z</ModuleTime>
      <ModuleName>System.Private.CoreLib</ModuleName>
      <Classes />
    </Module>
    <Module skippedDueTo="Filter" hash="38-8A-45-70-2F-C6-4D-3C-11-62-FD-AB-0E-7B-B3-18-E7-3E-34-6B">
      <ModulePath>C:\Program Files\dotnet\shared\Microsoft.NETCore.App\3.1.7\System.Threading.Tasks.Dataflow.dll</ModulePath>
      <ModuleTime>2020-07-21T13:04:46Z</ModuleTime>
      <ModuleName>System.Threading.Tasks.Dataflow</ModuleName>
      <Classes />
    </Module>
    <Module skippedDueTo="Filter" hash="8C-42-7A-16-6A-29-C1-04-21-66-FA-0D-92-4E-88-07-51-40-25-2B">
      <ModulePath>C:\Program Files\dotnet\sdk\3.1.401\MSBuild.dll</ModulePath>
      <ModuleTime>2020-07-27T15:11:44Z</ModuleTime>
      <ModuleName>MSBuild</ModuleName>
      <Classes />
    </Module>
    <Module skippedDueTo="Filter" hash="11-BD-AB-7F-6E-AA-C3-FD-A9-8D-5E-5A-CE-32-BF-FB-C5-5C-9E-76">
      <ModulePath>C:\Program Files\dotnet\shared\Microsoft.NETCore.App\3.1.7\System.Runtime.dll</ModulePath>
      <ModuleTime>2020-07-21T13:04:38Z</ModuleTime>
      <ModuleName>System.Runtime</ModuleName>
      <Classes />
    </Module>
    <Module skippedDueTo="Filter" hash="1D-64-6F-2A-92-B8-F4-4D-23-F1-A9-AA-1C-83-D5-8B-43-ED-24-F8">
      <ModulePath>C:\Program Files\dotnet\shared\Microsoft.NETCore.App\3.1.7\System.Runtime.Loader.dll</ModulePath>
      <ModuleTime>2020-07-21T13:04:40Z</ModuleTime>
      <ModuleName>System.Runtime.Loader</ModuleName>
      <Classes />
    </Module>
    <Module skippedDueTo="Filter" hash="AE-56-F3-36-9A-72-FE-5A-C7-83-97-02-D9-C0-99-30-4B-21-36-5A">
      <ModulePath>C:\Program Files\dotnet\shared\Microsoft.NETCore.App\3.1.7\System.Runtime.Extensions.dll</ModulePath>
      <ModuleTime>2020-07-21T13:04:38Z</ModuleTime>
      <ModuleName>System.Runtime.Extensions</ModuleName>
      <Classes />
    </Module>
    <Module skippedDueTo="Filter" hash="B9-03-94-EB-B7-34-B5-E8-3D-A0-96-D7-E0-B3-02-E4-04-22-FD-C6">
      <ModulePath>C:\Program Files\dotnet\shared\Microsoft.NETCore.App\3.1.7\System.Threading.dll</ModulePath>
      <ModuleTime>2020-07-21T13:04:46Z</ModuleTime>
      <ModuleName>System.Threading</ModuleName>
      <Classes />
    </Module>
    <Module skippedDueTo="Filter" hash="EB-FF-AA-74-89-53-C0-A4-BD-55-5F-F2-07-D6-B7-8D-8F-2B-98-7B">
      <ModulePath>C:\Program Files\dotnet\shared\Microsoft.NETCore.App\3.1.7\System.Threading.Tasks.dll</ModulePath>
      <ModuleTime>2020-07-21T13:04:46Z</ModuleTime>
      <ModuleName>System.Threading.Tasks</ModuleName>
      <Classes />
    </Module>
    <Module skippedDueTo="Filter" hash="1B-F8-DC-29-DD-FC-71-CC-FE-56-31-E4-2E-BD-24-70-B3-5D-80-FF">
      <ModulePath>C:\Program Files\dotnet\sdk\3.1.401\Microsoft.Build.Framework.dll</ModulePath>
      <ModuleTime>2020-07-27T15:11:10Z</ModuleTime>
      <ModuleName>Microsoft.Build.Framework</ModuleName>
      <Classes />
    </Module>
    <Module skippedDueTo="Filter" hash="4B-70-46-17-F1-BE-7E-BD-3E-06-74-D3-0F-1D-28-55-E6-A4-90-F9">
      <ModulePath>C:\Program Files\dotnet\sdk\3.1.401\dotnet.dll</ModulePath>
      <ModuleTime>2020-07-27T15:11:36Z</ModuleTime>
      <ModuleName>dotnet</ModuleName>
      <Classes />
    </Module>
    <Module skippedDueTo="Filter" hash="66-93-11-7A-5E-1B-B3-97-F1-C0-64-E7-98-60-FF-F1-CB-7B-87-ED">
      <ModulePath>C:\Program Files\dotnet\shared\Microsoft.NETCore.App\3.1.7\netstandard.dll</ModulePath>
      <ModuleTime>2020-07-21T13:05:04Z</ModuleTime>
      <ModuleName>netstandard</ModuleName>
      <Classes />
    </Module>
    <Module skippedDueTo="Filter" hash="16-A3-02-98-49-CF-23-29-99-5D-0B-36-87-3F-07-50-8B-8A-ED-7C">
      <ModulePath>C:\Program Files\dotnet\shared\Microsoft.NETCore.App\3.1.7\System.Collections.Immutable.dll</ModulePath>
      <ModuleTime>2020-07-21T13:05:06Z</ModuleTime>
      <ModuleName>System.Collections.Immutable</ModuleName>
      <Classes />
    </Module>
    <Module skippedDueTo="Filter" hash="93-36-05-A2-EB-EF-47-4B-21-F3-51-4C-F1-95-4A-A5-79-FE-4D-CE">
      <ModulePath>C:\Program Files\dotnet\sdk\3.1.401\Microsoft.DotNet.Configurer.dll</ModulePath>
      <ModuleTime>2020-07-27T15:11:38Z</ModuleTime>
      <ModuleName>Microsoft.DotNet.Configurer</ModuleName>
      <Classes />
    </Module>
    <Module skippedDueTo="Filter" hash="52-96-36-4D-DB-AC-19-E7-E8-E2-73-25-06-D6-DE-DA-E2-75-B4-5A">
      <ModulePath>C:\Program Files\dotnet\shared\Microsoft.NETCore.App\3.1.7\System.Runtime.InteropServices.RuntimeInformation.dll</ModulePath>
      <ModuleTime>2020-07-21T13:04:38Z</ModuleTime>
      <ModuleName>System.Runtime.InteropServices.RuntimeInformation</ModuleName>
      <Classes />
    </Module>
    <Module skippedDueTo="Filter" hash="AB-CC-65-6A-93-8B-09-56-39-71-06-29-16-25-35-99-E3-21-F5-AA">
      <ModulePath>C:\Program Files\dotnet\shared\Microsoft.NETCore.App\3.1.7\System.Diagnostics.Process.dll</ModulePath>
      <ModuleTime>2020-07-21T13:05:10Z</ModuleTime>
      <ModuleName>System.Diagnostics.Process</ModuleName>
      <Classes />
    </Module>
    <Module skippedDueTo="Filter" hash="21-5E-0D-B3-58-45-96-9A-3E-BC-CC-9C-BC-D3-E1-62-1B-51-23-4F">
      <ModulePath>C:\Program Files\dotnet\shared\Microsoft.NETCore.App\3.1.7\System.ComponentModel.Primitives.dll</ModulePath>
      <ModuleTime>2020-07-21T13:05:08Z</ModuleTime>
[...]
      <ModuleTime>2020-07-21T13:05:18Z</ModuleTime>
      <ModuleName>System.Net</ModuleName>
      <Classes />
    </Module>
    <Module skippedDueTo="Filter" hash="E6-BE-4B-98-2C-B8-ED-B5-B2-14-1B-9B-CA-C4-DE-02-2F-55-B6-E1">
      <ModulePath>C:\Program Files\dotnet\shared\Microsoft.NETCore.App\3.1.7\System.Numerics.Vectors.dll</ModulePath>
      <ModuleTime>2020-07-21T13:04:34Z</ModuleTime>
      <ModuleName>System.Numerics.Vectors</ModuleName>
      <Classes />
    </Module>
    <Module skippedDueTo="Filter" hash="72-4D-23-D3-DA-02-74-56-04-75-3D-56-8A-73-6E-1E-51-C3-FE-74">
      <ModulePath>C:\Program Files\dotnet\shared\Microsoft.NETCore.App\3.1.7\System.Numerics.dll</ModulePath>
      <ModuleTime>2020-07-21T13:04:32Z</ModuleTime>
      <ModuleName>System.Numerics</ModuleName>
      <Classes />
    </Module>
    <Module skippedDueTo="Filter" hash="2C-D2-CC-D5-23-78-5A-A4-35-21-B0-7C-08-4C-B8-18-54-D0-A3-0F">
      <ModulePath>C:\Program Files\dotnet\shared\Microsoft.NETCore.App\3.1.7\System.Private.DataContractSerialization.dll</ModulePath>
      <ModuleTime>2020-07-21T13:04:32Z</ModuleTime>
      <ModuleName>System.Private.DataContractSerialization</ModuleName>
      <Classes />
    </Module>
    <Module skippedDueTo="Filter" hash="0E-52-5B-EE-78-70-F7-7F-58-5A-57-49-61-58-91-8C-F9-BA-A4-C9">
      <ModulePath>C:\Program Files\dotnet\shared\Microsoft.NETCore.App\3.1.7\System.Reflection.DispatchProxy.dll</ModulePath>
      <ModuleTime>2020-07-21T13:04:36Z</ModuleTime>
      <ModuleName>System.Reflection.DispatchProxy</ModuleName>
      <Classes />
    </Module>
    <Module skippedDueTo="Filter" hash="B2-3B-EE-5F-10-8F-FE-B3-F6-89-4A-00-F2-9E-77-B2-8E-CD-28-00">
      <ModulePath>C:\Program Files\dotnet\shared\Microsoft.NETCore.App\3.1.7\System.Reflection.Emit.dll</ModulePath>
      <ModuleTime>2020-07-21T13:04:36Z</ModuleTime>
      <ModuleName>System.Reflection.Emit</ModuleName>
      <Classes />
    </Module>
    <Module skippedDueTo="Filter" hash="86-0E-8A-6A-1D-9A-C0-D2-24-22-59-57-68-21-09-02-51-D6-F4-73">
      <ModulePath>C:\Program Files\dotnet\shared\Microsoft.NETCore.App\3.1.7\System.Reflection.TypeExtensions.dll</ModulePath>
      <ModuleTime>2020-07-21T13:04:38Z</ModuleTime>
      <ModuleName>System.Reflection.TypeExtensions</ModuleName>
      <Classes />
    </Module>
    <Module skippedDueTo="Filter" hash="37-5A-58-12-85-20-FD-07-CA-67-94-8E-DD-E3-62-7B-E0-74-D9-80">
      <ModulePath>C:\Program Files\dotnet\shared\Microsoft.NETCore.App\3.1.7\System.Resources.Reader.dll</ModulePath>
      <ModuleTime>2020-07-21T13:04:40Z</ModuleTime>
      <ModuleName>System.Resources.Reader</ModuleName>
      <Classes />
    </Module>
    <Module skippedDueTo="Filter" hash="B8-68-70-8A-4D-86-DE-29-67-2F-42-F1-E6-24-A3-A0-CF-12-ED-73">
      <ModulePath>C:\Program Files\dotnet\shared\Microsoft.NETCore.App\3.1.7\System.Resources.Writer.dll</ModulePath>
      <ModuleTime>2020-07-21T13:04:38Z</ModuleTime>
      <ModuleName>System.Resources.Writer</ModuleName>
      <Classes />
    </Module>
    <Module skippedDueTo="Filter" hash="97-0F-F7-86-7B-B6-29-F8-CB-AB-3D-CC-B0-DA-EA-0E-54-05-54-B3">
      <ModulePath>C:\Program Files\dotnet\shared\Microsoft.NETCore.App\3.1.7\System.Runtime.CompilerServices.Unsafe.dll</ModulePath>
      <ModuleTime>2020-07-21T13:04:38Z</ModuleTime>
      <ModuleName>System.Runtime.CompilerServices.Unsafe</ModuleName>
      <Classes />
    </Module>
    <Module skippedDueTo="Filter" hash="0E-F2-88-7F-B2-85-C4-C1-24-EC-30-2C-CE-B4-68-4D-C4-F1-09-C5">
      <ModulePath>C:\Program Files\dotnet\shared\Microsoft.NETCore.App\3.1.7\System.Runtime.CompilerServices.VisualC.dll</ModulePath>
      <ModuleTime>2020-07-21T13:04:38Z</ModuleTime>
      <ModuleName>System.Runtime.CompilerServices.VisualC</ModuleName>
      <Classes />
    </Module>
    <Module skippedDueTo="Filter" hash="3F-D1-D1-73-7E-46-AA-34-EC-0E-EF-25-0C-19-AF-62-A7-54-A4-BA">
      <ModulePath>C:\Program Files\dotnet\shared\Microsoft.NETCore.App\3.1.7\System.Runtime.Handles.dll</ModulePath>
      <ModuleTime>2020-07-21T13:04:38Z</ModuleTime>
      <ModuleName>System.Runtime.Handles</ModuleName>
      <Classes />
    </Module>
    <Module skippedDueTo="Filter" hash="40-5E-EE-FF-4B-6A-57-32-C3-DC-BB-7A-64-44-D5-B6-C2-5B-8D-34">
      <ModulePath>C:\Program Files\dotnet\shared\Microsoft.NETCore.App\3.1.7\System.Runtime.InteropServices.WindowsRuntime.dll</ModulePath>
      <ModuleTime>2020-07-21T13:04:40Z</ModuleTime>
      <ModuleName>System.Runtime.InteropServices.WindowsRuntime</ModuleName>
      <Classes />
    </Module>
    <Module skippedDueTo="Filter" hash="B4-E2-D6-62-22-2B-EC-7B-26-C8-CF-0D-99-E1-AB-AE-9E-7F-3D-D1">
      <ModulePath>C:\Program Files\dotnet\shared\Microsoft.NETCore.App\3.1.7\System.Runtime.Intrinsics.dll</ModulePath>
      <ModuleTime>2020-07-21T13:04:40Z</ModuleTime>
      <ModuleName>System.Runtime.Intrinsics</ModuleName>
      <Classes />
    </Module>
    <Module skippedDueTo="Filter" hash="7D-00-B0-C9-07-97-85-A0-9E-FE-E2-33-80-37-B3-F1-C8-42-BE-6C">
      <ModulePath>C:\Program Files\dotnet\shared\Microsoft.NETCore.App\3.1.7\System.Runtime.Serialization.Formatters.dll</ModulePath>
      <ModuleTime>2020-07-21T13:04:40Z</ModuleTime>
      <ModuleName>System.Runtime.Serialization.Formatters</ModuleName>
      <Classes />
    </Module>
    <Module skippedDueTo="Filter" hash="D3-FD-B0-1B-E1-75-1C-F3-A5-BD-CB-34-E4-2E-9C-A3-66-64-88-D2">
      <ModulePath>C:\Program Files\dotnet\shared\Microsoft.NETCore.App\3.1.7\System.Runtime.Serialization.Json.dll</ModulePath>
      <ModuleTime>2020-07-21T13:04:44Z</ModuleTime>
      <ModuleName>System.Runtime.Serialization.Json</ModuleName>
      <Classes />
    </Module>
    <Module skippedDueTo="Filter" hash="AC-31-8B-4A-15-49-16-EA-05-5E-4A-38-E3-C3-CB-FC-8A-4E-D3-8D">
      <ModulePath>C:\Program Files\dotnet\shared\Microsoft.NETCore.App\3.1.7\System.Runtime.Serialization.Xml.dll</ModulePath>
      <ModuleTime>2020-07-21T13:04:40Z</ModuleTime>
      <ModuleName>System.Runtime.Serialization.Xml</ModuleName>
      <Classes />
    </Module>
    <Module skippedDueTo="Filter" hash="97-7C-95-C6-07-91-C2-F6-F0-A5-4D-9F-A7-3E-A0-98-80-64-7D-D5">
      <ModulePath>C:\Program Files\dotnet\shared\Microsoft.NETCore.App\3.1.7\System.Runtime.Serialization.dll</ModulePath>
      <ModuleTime>2020-07-21T13:04:42Z</ModuleTime>
      <ModuleName>System.Runtime.Serialization</ModuleName>
      <Classes />
    </Module>
    <Module skippedDueTo="Filter" hash="C5-E9-1D-BC-D1-B8-C9-6A-D5-ED-D4-D1-E8-9F-0C-A1-62-F8-7C-10">
      <ModulePath>C:\Program Files\dotnet\shared\Microsoft.NETCore.App\3.1.7\System.Runtime.WindowsRuntime.UI.Xaml.dll</ModulePath>
      <ModuleTime>2020-07-21T13:04:42Z</ModuleTime>
      <ModuleName>System.Runtime.WindowsRuntime.UI.Xaml</ModuleName>
      <Classes />
    </Module>
    <Module skippedDueTo="Filter" hash="BC-6C-BE-49-AE-AD-35-F4-58-89-CE-A8-A6-05-17-8B-3F-9F-BA-C1">
      <ModulePath>C:\Program Files\dotnet\shared\Microsoft.NETCore.App\3.1.7\System.Runtime.WindowsRuntime.dll</ModulePath>
      <ModuleTime>2020-07-21T13:04:40Z</ModuleTime>
      <ModuleName>System.Runtime.WindowsRuntime</ModuleName>
      <Classes />
    </Module>
    <Module skippedDueTo="Filter" hash="86-BA-39-88-B6-F5-FE-98-16-E2-6C-C0-69-70-4B-35-22-C1-60-C2">
      <ModulePath>C:\WINDOWS\system32\WinMetadata\Windows.Foundation.winmd</ModulePath>
      <ModuleTime>2019-10-07T02:56:38.2173409Z</ModuleTime>
      <ModuleName>Windows.Foundation</ModuleName>
      <Classes />
    </Module>
    <Module skippedDueTo="Filter" hash="EF-DA-13-43-19-12-4C-91-7E-EF-0B-82-42-2A-54-D2-A6-C1-ED-15">
      <ModulePath>C:\WINDOWS\system32\WinMetadata\Windows.Storage.winmd</ModulePath>
      <ModuleTime>2019-10-07T02:56:38.2952592Z</ModuleTime>
      <ModuleName>Windows.Storage</ModuleName>
      <Classes />
    </Module>
    <Module skippedDueTo="Filter" hash="FA-5E-38-AC-F3-81-5A-C3-D7-33-0A-73-A2-9B-C8-56-75-A1-E2-EA">
      <ModulePath>C:\Program Files\dotnet\shared\Microsoft.NETCore.App\3.1.7\System.Security.Cryptography.Encoding.dll</ModulePath>
      <ModuleTime>2020-07-21T13:04:42Z</ModuleTime>
      <ModuleName>System.Security.Cryptography.Encoding</ModuleName>
      <Classes />
    </Module>
    <Module skippedDueTo="Filter" hash="1E-5F-CF-00-A0-9C-67-F1-5D-F0-90-4D-0B-75-B0-F5-64-86-BB-81">
      <ModulePath>C:\Program Files\dotnet\shared\Microsoft.NETCore.App\3.1.7\System.Security.Cryptography.Primitives.dll</ModulePath>
      <ModuleTime>2020-07-21T13:04:42Z</ModuleTime>
      <ModuleName>System.Security.Cryptography.Primitives</ModuleName>
      <Classes />
    </Module>
    <Module skippedDueTo="Filter" hash="9C-A5-14-1F-8C-38-0D-41-14-4B-A1-9D-01-D7-62-51-9B-ED-E9-AF">
      <ModulePath>C:\Program Files\dotnet\shared\Microsoft.NETCore.App\3.1.7\System.Security.Cryptography.Cng.dll</ModulePath>
      <ModuleTime>2020-07-21T13:04:42Z</ModuleTime>
      <ModuleName>System.Security.Cryptography.Cng</ModuleName>
      <Classes />
    </Module>
    <Module skippedDueTo="Filter" hash="D3-48-51-F8-6A-11-6E-D0-09-14-0B-AA-AA-6F-27-D8-1D-41-B3-78">
      <ModulePath>C:\Program Files\dotnet\shared\Microsoft.NETCore.App\3.1.7\System.Security.Cryptography.Csp.dll</ModulePath>
      <ModuleTime>2020-07-21T13:04:46Z</ModuleTime>
      <ModuleName>System.Security.Cryptography.Csp</ModuleName>
      <Classes />
    </Module>
    <Module skippedDueTo="Filter" hash="AC-6E-98-4B-71-36-FB-D8-9B-B5-12-5A-63-D9-08-BE-6E-8C-DD-F2">
      <ModulePath>C:\Program Files\dotnet\shared\Microsoft.NETCore.App\3.1.7\System.Security.Cryptography.OpenSsl.dll</ModulePath>
      <ModuleTime>2020-07-21T13:04:42Z</ModuleTime>
      <ModuleName>System.Security.Cryptography.OpenSsl</ModuleName>
      <Classes />
    </Module>
    <Module skippedDueTo="Filter" hash="1C-92-4E-1C-B8-43-B2-55-07-E9-64-DE-84-6E-8A-32-BD-2D-B7-D3">
      <ModulePath>C:\Program Files\dotnet\shared\Microsoft.NETCore.App\3.1.7\System.Security.SecureString.dll</ModulePath>
      <ModuleTime>2020-07-21T13:04:44Z</ModuleTime>
      <ModuleName>System.Security.SecureString</ModuleName>
      <Classes />
    </Module>
    <Module skippedDueTo="Filter" hash="9C-5B-EB-18-EB-DE-A5-77-E6-7C-16-10-E3-1E-C6-27-21-FA-56-11">
      <ModulePath>C:\Program Files\dotnet\shared\Microsoft.NETCore.App\3.1.7\System.Security.dll</ModulePath>
      <ModuleTime>2020-07-21T13:04:42Z</ModuleTime>
      <ModuleName>System.Security</ModuleName>
      <Classes />
    </Module>
    <Module skippedDueTo="Filter" hash="88-D7-6F-CD-AA-39-08-E8-C5-37-05-56-00-C1-3D-DB-A5-CA-FB-90">
      <ModulePath>C:\Program Files\dotnet\shared\Microsoft.NETCore.App\3.1.7\System.ServiceModel.Web.dll</ModulePath>
      <ModuleTime>2020-07-21T13:04:44Z</ModuleTime>
      <ModuleName>System.ServiceModel.Web</ModuleName>
      <Classes />
    </Module>
    <Module skippedDueTo="Filter" hash="F7-36-B0-42-42-59-BC-C5-16-CD-A5-27-1E-A1-98-C0-D8-1C-3C-BF">
      <ModulePath>C:\Program Files\dotnet\shared\Microsoft.NETCore.App\3.1.7\System.ServiceProcess.dll</ModulePath>
      <ModuleTime>2020-07-21T13:05:08Z</ModuleTime>
      <ModuleName>System.ServiceProcess</ModuleName>
      <Classes />
    </Module>
    <Module skippedDueTo="Filter" hash="40-85-26-A2-58-EF-2A-AF-3B-7C-67-C4-21-06-AE-30-24-B3-52-91">
      <ModulePath>C:\Program Files\dotnet\shared\Microsoft.NETCore.App\3.1.7\System.Text.Encoding.CodePages.dll</ModulePath>
      <ModuleTime>2020-07-21T13:04:44Z</ModuleTime>
      <ModuleName>System.Text.Encoding.CodePages</ModuleName>
      <Classes />
    </Module>
    <Module skippedDueTo="Filter" hash="B6-BF-11-0E-97-73-9B-19-CB-45-7C-FC-25-B7-43-B9-72-ED-41-CA">
      <ModulePath>C:\Program Files\dotnet\shared\Microsoft.NETCore.App\3.1.7\System.Text.Encodings.Web.dll</ModulePath>
      <ModuleTime>2020-07-21T13:04:46Z</ModuleTime>
      <ModuleName>System.Text.Encodings.Web</ModuleName>
      <Classes />
    </Module>
    <Module skippedDueTo="Filter" hash="24-42-8E-5D-F8-14-A0-F9-C3-E4-27-D7-8A-9F-1A-CD-43-FF-7D-5F">
      <ModulePath>C:\Program Files\dotnet\shared\Microsoft.NETCore.App\3.1.7\System.Text.Json.dll</ModulePath>
      <ModuleTime>2020-07-21T13:04:46Z</ModuleTime>
      <ModuleName>System.Text.Json</ModuleName>
      <Classes />
    </Module>
    <Module skippedDueTo="Filter" hash="EE-A3-CD-0E-16-94-FD-19-F0-12-EE-6A-36-84-4F-6D-D3-0D-94-BB">
      <ModulePath>C:\Program Files\dotnet\shared\Microsoft.NETCore.App\3.1.7\System.Threading.Channels.dll</ModulePath>
      <ModuleTime>2020-07-21T13:04:46Z</ModuleTime>
      <ModuleName>System.Threading.Channels</ModuleName>
      <Classes />
    </Module>
    <Module skippedDueTo="Filter" hash="38-8A-45-70-2F-C6-4D-3C-11-62-FD-AB-0E-7B-B3-18-E7-3E-34-6B">
      <ModulePath>C:\Program Files\dotnet\shared\Microsoft.NETCore.App\3.1.7\System.Threading.Tasks.Dataflow.dll</ModulePath>
      <ModuleTime>2020-07-21T13:04:46Z</ModuleTime>
      <ModuleName>System.Threading.Tasks.Dataflow</ModuleName>
      <Classes />
    </Module>
    <Module skippedDueTo="Filter" hash="8C-F4-EF-8F-60-27-EA-A1-05-23-E3-4B-47-3A-C0-83-7C-BE-31-47">
      <ModulePath>C:\Program Files\dotnet\shared\Microsoft.NETCore.App\3.1.7\System.Threading.Tasks.Extensions.dll</ModulePath>
      <ModuleTime>2020-07-21T13:04:46Z</ModuleTime>
      <ModuleName>System.Threading.Tasks.Extensions</ModuleName>
      <Classes />
    </Module>
    <Module skippedDueTo="Filter" hash="07-06-0A-77-CD-62-85-2F-C5-D5-53-82-0E-2B-A9-40-39-40-1C-E9">
      <ModulePath>C:\Program Files\dotnet\shared\Microsoft.NETCore.App\3.1.7\System.Threading.Tasks.Parallel.dll</ModulePath>
      <ModuleTime>2020-07-21T13:04:46Z</ModuleTime>
      <ModuleName>System.Threading.Tasks.Parallel</ModuleName>
      <Classes />
    </Module>
    <Module skippedDueTo="Filter" hash="93-D0-97-72-B1-ED-43-82-E9-87-BE-57-C5-72-86-FC-15-FB-3F-2B">
      <ModulePath>C:\Program Files\dotnet\shared\Microsoft.NETCore.App\3.1.7\System.Transactions.Local.dll</ModulePath>
      <ModuleTime>2020-07-21T13:05:06Z</ModuleTime>
      <ModuleName>System.Transactions.Local</ModuleName>
      <Classes />
    </Module>
    <Module skippedDueTo="Filter" hash="F4-F6-72-6C-5A-93-45-B5-E3-ED-6B-43-03-89-7C-67-2E-63-46-44">
      <ModulePath>C:\Program Files\dotnet\shared\Microsoft.NETCore.App\3.1.7\System.Transactions.dll</ModulePath>
      <ModuleTime>2020-07-21T13:05:08Z</ModuleTime>
      <ModuleName>System.Transactions</ModuleName>
      <Classes />
    </Module>
    <Module skippedDueTo="Filter" hash="4F-F3-C3-A2-AF-58-8B-2B-06-F6-27-BA-08-83-01-69-18-EE-47-71">
      <ModulePath>C:\Program Files\dotnet\shared\Microsoft.NETCore.App\3.1.7\System.ValueTuple.dll</ModulePath>
      <ModuleTime>2020-07-21T13:05:06Z</ModuleTime>
      <ModuleName>System.ValueTuple</ModuleName>
      <Classes />
    </Module>
    <Module skippedDueTo="Filter" hash="F8-F3-8D-3E-8D-E0-AA-A4-69-DF-69-76-E9-B5-0E-20-29-ED-83-B0">
      <ModulePath>C:\Program Files\dotnet\shared\Microsoft.NETCore.App\3.1.7\System.Web.HttpUtility.dll</ModulePath>
      <ModuleTime>2020-07-21T13:05:06Z</ModuleTime>
      <ModuleName>System.Web.HttpUtility</ModuleName>
      <Classes />
    </Module>
    <Module skippedDueTo="Filter" hash="A8-1B-8E-D9-BE-9E-95-A6-18-AE-62-58-41-39-EE-53-1C-B3-8F-37">
      <ModulePath>C:\Program Files\dotnet\shared\Microsoft.NETCore.App\3.1.7\System.Web.dll</ModulePath>
      <ModuleTime>2020-07-21T13:05:08Z</ModuleTime>
      <ModuleName>System.Web</ModuleName>
      <Classes />
    </Module>
    <Module skippedDueTo="Filter" hash="2F-BA-8D-59-53-9A-EE-5F-37-D6-7E-B6-BD-11-BC-17-DF-58-59-7F">
      <ModulePath>C:\Program Files\dotnet\shared\Microsoft.NETCore.App\3.1.7\System.Windows.dll</ModulePath>
      <ModuleTime>2020-07-21T13:05:06Z</ModuleTime>
      <ModuleName>System.Windows</ModuleName>
      <Classes />
    </Module>
    <Module skippedDueTo="Filter" hash="6B-FF-D1-3C-95-AA-C0-99-71-7D-57-AB-CF-58-C9-3A-BF-AC-1B-43">
      <ModulePath>C:\Program Files\dotnet\shared\Microsoft.NETCore.App\3.1.7\System.Xml.Linq.dll</ModulePath>
      <ModuleTime>2020-07-21T13:05:06Z</ModuleTime>
      <ModuleName>System.Xml.Linq</ModuleName>
      <Classes />
    </Module>
    <Module skippedDueTo="Filter" hash="A5-AD-F1-94-2F-39-9C-27-FD-E6-7E-0D-D3-22-5E-23-6D-FD-86-A9">
      <ModulePath>C:\Program Files\dotnet\shared\Microsoft.NETCore.App\3.1.7\System.Xml.Serialization.dll</ModulePath>
      <ModuleTime>2020-07-21T13:05:06Z</ModuleTime>
      <ModuleName>System.Xml.Serialization</ModuleName>
      <Classes />
    </Module>
    <Module skippedDueTo="Filter" hash="54-23-78-F1-14-A7-C9-CD-69-05-95-D9-DA-9A-23-3F-29-BB-2B-75">
      <ModulePath>C:\Program Files\dotnet\shared\Microsoft.NETCore.App\3.1.7\System.Xml.XPath.XDocument.dll</ModulePath>
      <ModuleTime>2020-07-21T13:05:08Z</ModuleTime>
      <ModuleName>System.Xml.XPath.XDocument</ModuleName>
      <Classes />
    </Module>
    <Module skippedDueTo="Filter" hash="B1-87-60-10-5D-83-55-85-CF-98-E3-2D-56-DC-F1-DB-3C-6E-F9-F6">
      <ModulePath>C:\Program Files\dotnet\shared\Microsoft.NETCore.App\3.1.7\System.Xml.XPath.dll</ModulePath>
      <ModuleTime>2020-07-21T13:05:10Z</ModuleTime>
      <ModuleName>System.Xml.XPath</ModuleName>
      <Classes />
    </Module>
    <Module skippedDueTo="Filter" hash="9D-89-B9-46-59-AF-7A-B4-39-EE-D2-27-16-16-52-D1-97-60-75-0C">
      <ModulePath>C:\Program Files\dotnet\shared\Microsoft.NETCore.App\3.1.7\System.Xml.XmlDocument.dll</ModulePath>
      <ModuleTime>2020-07-21T13:05:06Z</ModuleTime>
      <ModuleName>System.Xml.XmlDocument</ModuleName>
      <Classes />
    </Module>
    <Module skippedDueTo="Filter" hash="C2-C3-9A-A0-D1-D1-DE-9F-34-5D-23-B8-42-AD-CB-F8-1A-C0-B6-C9">
      <ModulePath>C:\Program Files\dotnet\shared\Microsoft.NETCore.App\3.1.7\System.Xml.XmlSerializer.dll</ModulePath>
      <ModuleTime>2020-07-21T13:05:06Z</ModuleTime>
      <ModuleName>System.Xml.XmlSerializer</ModuleName>
      <Classes />
    </Module>
    <Module skippedDueTo="Filter" hash="33-9E-B2-03-A4-64-51-EE-C5-06-ED-CA-8E-30-E6-BC-CF-39-27-07">
      <ModulePath>C:\Program Files\dotnet\shared\Microsoft.NETCore.App\3.1.7\System.Xml.dll</ModulePath>
      <ModuleTime>2020-07-21T13:05:40Z</ModuleTime>
      <ModuleName>System.Xml</ModuleName>
      <Classes />
    </Module>
    <Module skippedDueTo="Filter" hash="3A-8B-C1-70-02-91-EA-69-5A-7F-9A-76-B5-B0-60-E5-4B-2F-7D-76">
      <ModulePath>C:\Program Files\dotnet\shared\Microsoft.NETCore.App\3.1.7\System.dll</ModulePath>
      <ModuleTime>2020-07-21T13:05:40Z</ModuleTime>
      <ModuleName>System</ModuleName>
      <Classes />
    </Module>
    <Module skippedDueTo="Filter" hash="39-14-69-43-CA-C5-E5-89-45-5F-BF-63-3A-F1-D0-DB-95-87-72-0C">
      <ModulePath>C:\Program Files\dotnet\shared\Microsoft.NETCore.App\3.1.7\WindowsBase.dll</ModulePath>
      <ModuleTime>2020-07-21T13:05:08Z</ModuleTime>
      <ModuleName>WindowsBase</ModuleName>
      <Classes />
    </Module>
    <Module skippedDueTo="Filter" hash="0B-62-40-90-58-76-E8-86-0D-1A-DC-F5-78-DB-B7-94-BC-00-10-0C">
      <ModulePath>C:\Users\qqu\source\repos\CSharpLearning_2020BGC\ShapeProject.Tests\bin\Debug\netcoreapp3.1\xunit.runner.reporters.netcoreapp10.dll</ModulePath>
      <ModuleTime>2018-07-16T20:18:26Z</ModuleTime>
      <ModuleName>xunit.runner.reporters.netcoreapp10</ModuleName>
      <Classes />
    </Module>
    <Module skippedDueTo="Filter" hash="16-7C-D1-8D-0E-08-82-D2-50-9C-9A-FF-7A-6F-C1-DB-D3-21-8A-72">
      <ModulePath>C:\Users\qqu\source\repos\CSharpLearning_2020BGC\ShapeProject.Tests\bin\Debug\netcoreapp3.1\xunit.runner.visualstudio.dotnetcore.testadapter.dll</ModulePath>
      <ModuleTime>2018-07-16T20:18:28Z</ModuleTime>
      <ModuleName>xunit.runner.visualstudio.dotnetcore.testadapter</ModuleName>
      <Classes />
    </Module>
  </Modules>
</CoverageSession>